srun: Job step aborted: Waiting up to 32 seconds for job step to finish.
srun: Job step aborted: Waiting up to 32 seconds for job step to finish.
srun: Job step aborted: Waiting up to 32 seconds for job step to finish.
srun: Job step aborted: Waiting up to 32 seconds for job step to finish.
srun: Job step aborted: Waiting up to 32 seconds for job step to finish.
srun: Job step aborted: Waiting up to 32 seconds for job step to finish.
srun: Job step aborted: Waiting up to 32 seconds for job step to finish.
srun: Job step aborted: Waiting up to 32 seconds for job step to finish.
srun: Job step aborted: Waiting up to 32 seconds for job step to finish.
srun: Job step aborted: Waiting up to 32 seconds for job step to finish.
srun: Job step aborted: Waiting up to 32 seconds for job step to finish.
srun: Job step aborted: Waiting up to 32 seconds for job step to finish.
srun: Job step aborted: Waiting up to 32 seconds for job step to finish.
srun: Job step aborted: Waiting up to 32 seconds for job step to finish.
slurmstepd: error: *** STEP 4201767.0 ON c18 CANCELLED AT 2024-07-09T14:51:59 ***
srun: Job step aborted: Waiting up to 32 seconds for job step to finish.
slurmstepd: error: *** STEP 4201763.0 ON c18 CANCELLED AT 2024-07-09T14:51:59 ***
srun: Job step aborted: Waiting up to 32 seconds for job step to finish.
srun: Job step aborted: Waiting up to 32 seconds for job step to finish.
slurmstepd: error: *** STEP 4201764.0 ON c18 CANCELLED AT 2024-07-09T14:51:59 ***
srun: Job step aborted: Waiting up to 32 seconds for job step to finish.
slurmstepd: error: *** STEP 4201766.0 ON c18 CANCELLED AT 2024-07-09T14:51:59 ***
slurmstepd: error: *** STEP 4201768.0 ON c18 CANCELLED AT 2024-07-09T14:51:59 ***
slurmstepd: error: *** STEP 4201786.0 ON c19 CANCELLED AT 2024-07-09T14:51:59 ***
srun: Job step aborted: Waiting up to 32 seconds for job step to finish.
srun: Job step aborted: Waiting up to 32 seconds for job step to finish.
slurmstepd: error: *** JOB 4201766 ON c18 CANCELLED AT 2024-07-09T14:51:59 ***
srun: Job step aborted: Waiting up to 32 seconds for job step to finish.
srun: Job step aborted: Waiting up to 32 seconds for job step to finish.
slurmstepd: error: *** JOB 4201768 ON c18 CANCELLED AT 2024-07-09T14:51:59 ***
slurmstepd: error: *** JOB 4201767 ON c18 CANCELLED AT 2024-07-09T14:51:59 ***
srun: Job step aborted: Waiting up to 32 seconds for job step to finish.
slurmstepd: error: *** STEP 4201769.0 ON c18 CANCELLED AT 2024-07-09T14:51:59 ***
slurmstepd: error: *** STEP 4201771.0 ON c18 CANCELLED AT 2024-07-09T14:51:59 ***
srun: Job step aborted: Waiting up to 32 seconds for job step to finish.
srun: Job step aborted: Waiting up to 32 seconds for job step to finish.
srun: Job step aborted: Waiting up to 32 seconds for job step to finish.
srun: Job step aborted: Waiting up to 32 seconds for job step to finish.
slurmstepd: error: *** STEP 4201765.0 ON c18 CANCELLED AT 2024-07-09T14:51:59 ***
srun: Job step aborted: Waiting up to 32 seconds for job step to finish.
srun: Job step aborted: Waiting up to 32 seconds for job step to finish.
slurmstepd: error: *** STEP 4201772.0 ON c18 CANCELLED AT 2024-07-09T14:51:59 ***
srun: Job step aborted: Waiting up to 32 seconds for job step to finish.
slurmstepd: error: *** STEP 4201808.0 ON c19 CANCELLED AT 2024-07-09T14:51:59 ***
srun: Job step aborted: Waiting up to 32 seconds for job step to finish.
srun: Job step aborted: Waiting up to 32 seconds for job step to finish.
slurmstepd: error: *** STEP 4201798.0 ON c19 CANCELLED AT 2024-07-09T14:51:59 ***
srun: Job step aborted: Waiting up to 32 seconds for job step to finish.
srun: Job step aborted: Waiting up to 32 seconds for job step to finish.
slurmstepd: error: *** STEP 4201811.0 ON c19 CANCELLED AT 2024-07-09T14:51:59 ***
srun: Job step aborted: Waiting up to 32 seconds for job step to finish.
slurmstepd: error: *** STEP 4201801.0 ON c19 CANCELLED AT 2024-07-09T14:51:59 ***
slurmstepd: error: *** STEP 4201788.0 ON c19 CANCELLED AT 2024-07-09T14:51:59 ***
srun: Job step aborted: Waiting up to 32 seconds for job step to finish.
srun: Job step aborted: Waiting up to 32 seconds for job step to finish.
srun: Job step aborted: Waiting up to 32 seconds for job step to finish.
slurmstepd: error: *** STEP 4201779.0 ON c19 CANCELLED AT 2024-07-09T14:51:59 ***
slurmstepd: error: *** STEP 4201796.0 ON c19 CANCELLED AT 2024-07-09T14:51:59 ***
srun: Job step aborted: Waiting up to 32 seconds for job step to finish.
srun: error: c18: task 0: Terminated
slurmstepd: error: *** STEP 4201781.0 ON c19 CANCELLED AT 2024-07-09T14:51:59 ***
slurmstepd: error: *** STEP 4201760.0 ON c18 CANCELLED AT 2024-07-09T14:51:59 ***
srun: Job step aborted: Waiting up to 32 seconds for job step to finish.
slurmstepd: error: *** JOB 4201771 ON c18 CANCELLED AT 2024-07-09T14:51:59 ***
slurmstepd: error: *** STEP 4201784.0 ON c19 CANCELLED AT 2024-07-09T14:51:59 ***
srun: error: c18: task 0: Terminated
slurmstepd: error: *** STEP 4201780.0 ON c19 CANCELLED AT 2024-07-09T14:51:59 ***
slurmstepd: error: *** STEP 4201759.0 ON c18 CANCELLED AT 2024-07-09T14:51:59 ***
srun: Job step aborted: Waiting up to 32 seconds for job step to finish.
slurmstepd: error: *** JOB 4201769 ON c18 CANCELLED AT 2024-07-09T14:51:59 ***
slurmstepd: error: *** STEP 4201782.0 ON c19 CANCELLED AT 2024-07-09T14:51:59 ***
srun: Job step aborted: Waiting up to 32 seconds for job step to finish.
slurmstepd: error: *** JOB 4201759 ON c18 CANCELLED AT 2024-07-09T14:51:59 ***
slurmstepd: error: *** JOB 4201788 ON c19 CANCELLED AT 2024-07-09T14:51:59 ***
srun: error: c19: task 0: Terminated
slurmstepd: error: *** STEP 4201785.0 ON c19 CANCELLED AT 2024-07-09T14:51:59 ***
srun: error: c18: task 0: Terminated
slurmstepd: error: *** STEP 4201791.0 ON c19 CANCELLED AT 2024-07-09T14:51:59 ***
slurmstepd: error: *** JOB 4201760 ON c18 CANCELLED AT 2024-07-09T14:51:59 ***
slurmstepd: error: *** STEP 4201783.0 ON c19 CANCELLED AT 2024-07-09T14:51:59 ***
slurmstepd: error: *** STEP 4201797.0 ON c19 CANCELLED AT 2024-07-09T14:51:59 ***
srun: error: c18: task 0: Terminated
srun: Job step aborted: Waiting up to 32 seconds for job step to finish.
srun: error: c18: task 0: Terminated
srun: Job step aborted: Waiting up to 32 seconds for job step to finish.
slurmstepd: error: *** JOB 4201765 ON c18 CANCELLED AT 2024-07-09T14:51:59 ***
srun: Job step aborted: Waiting up to 32 seconds for job step to finish.
slurmstepd: error: *** JOB 4201797 ON c19 CANCELLED AT 2024-07-09T14:51:59 ***
slurmstepd: error: *** STEP 4201761.0 ON c18 CANCELLED AT 2024-07-09T14:51:59 ***
srun: error: c18: task 0: Terminated
slurmstepd: error: *** JOB 4201763 ON c18 CANCELLED AT 2024-07-09T14:51:59 ***
slurmstepd: error: *** STEP 4201787.0 ON c19 CANCELLED AT 2024-07-09T14:51:59 ***
slurmstepd: error: *** JOB 4201764 ON c18 CANCELLED AT 2024-07-09T14:51:59 ***
slurmstepd: error: *** JOB 4201761 ON c18 CANCELLED AT 2024-07-09T14:51:59 ***
slurmstepd: error: *** STEP 4201762.0 ON c18 CANCELLED AT 2024-07-09T14:51:59 ***
slurmstepd: error: *** STEP 4201774.0 ON c18 CANCELLED AT 2024-07-09T14:51:59 ***
slurmstepd: error: *** JOB 4201772 ON c18 CANCELLED AT 2024-07-09T14:51:59 ***
srun: error: c18: task 0: Terminated
srun: Job step aborted: Waiting up to 32 seconds for job step to finish.
srun: error: c18: task 0: Terminated
slurmstepd: error: *** JOB 4201782 ON c19 CANCELLED AT 2024-07-09T14:51:59 ***
slurmstepd: error: *** STEP 4201773.0 ON c18 CANCELLED AT 2024-07-09T14:51:59 ***
slurmstepd: error: *** STEP 4201820.0 ON c19 CANCELLED AT 2024-07-09T14:51:59 ***
srun: error: c18: task 0: Terminated
slurmstepd: error: *** JOB 4201811 ON c19 CANCELLED AT 2024-07-09T14:51:59 ***
slurmstepd: error: *** JOB 4201774 ON c18 CANCELLED AT 2024-07-09T14:51:59 ***
srun: Job step aborted: Waiting up to 32 seconds for job step to finish.
srun: error: c18: task 0: Terminated
srun: error: c18: task 0: Terminated
srun: Job step aborted: Waiting up to 32 seconds for job step to finish.
srun: error: c18: task 0: Terminated
slurmstepd: error: *** JOB 4201808 ON c19 CANCELLED AT 2024-07-09T14:51:59 ***
slurmstepd: error: *** JOB 4201773 ON c18 CANCELLED AT 2024-07-09T14:51:59 ***
srun: Job step aborted: Waiting up to 32 seconds for job step to finish.
slurmstepd: error: *** STEP 4201778.0 ON c19 CANCELLED AT 2024-07-09T14:51:59 ***
srun: Job step aborted: Waiting up to 32 seconds for job step to finish.
slurmstepd: error: *** JOB 4201783 ON c19 CANCELLED AT 2024-07-09T14:51:59 ***
slurmstepd: error: *** STEP 4201804.0 ON c19 CANCELLED AT 2024-07-09T14:51:59 ***
srun: error: c18: task 0: Terminated
srun: error: c19: task 0: Terminated
slurmstepd: error: *** STEP 4201770.0 ON c18 CANCELLED AT 2024-07-09T14:51:59 ***
srun: Job step aborted: Waiting up to 32 seconds for job step to finish.
slurmstepd: error: *** JOB 4201762 ON c18 CANCELLED AT 2024-07-09T14:51:59 ***
slurmstepd: error: *** JOB 4201770 ON c18 CANCELLED AT 2024-07-09T14:51:59 ***
slurmstepd: error: *** STEP 4201802.0 ON c19 CANCELLED AT 2024-07-09T14:51:59 ***
srun: error: c18: task 0: Terminated
slurmstepd: error: *** STEP 4201792.0 ON c19 CANCELLED AT 2024-07-09T14:51:59 ***
srun: error: c18: task 0: Terminated
slurmstepd: error: *** JOB 4201778 ON c19 CANCELLED AT 2024-07-09T14:51:59 ***
slurmstepd: error: *** STEP 4201799.0 ON c19 CANCELLED AT 2024-07-09T14:51:59 ***
slurmstepd: error: *** STEP 4201812.0 ON c19 CANCELLED AT 2024-07-09T14:51:59 ***
srun: Job step aborted: Waiting up to 32 seconds for job step to finish.
slurmstepd: error: *** JOB 4201812 ON c19 CANCELLED AT 2024-07-09T14:51:59 ***
srun: Job step aborted: Waiting up to 32 seconds for job step to finish.
slurmstepd: error: *** JOB 4201779 ON c19 CANCELLED AT 2024-07-09T14:51:59 ***
slurmstepd: error: *** STEP 4201819.0 ON c19 CANCELLED AT 2024-07-09T14:51:59 ***
srun: error: c19: task 0: Terminated
srun: Job step aborted: Waiting up to 32 seconds for job step to finish.
slurmstepd: error: *** JOB 4201802 ON c19 CANCELLED AT 2024-07-09T14:51:59 ***
srun: error: c19: task 0: Terminated
slurmstepd: error: *** JOB 4201804 ON c19 CANCELLED AT 2024-07-09T14:51:59 ***
srun: Job step aborted: Waiting up to 32 seconds for job step to finish.
srun: Job step aborted: Waiting up to 32 seconds for job step to finish.
slurmstepd: error: *** JOB 4201820 ON c19 CANCELLED AT 2024-07-09T14:51:59 ***
slurmstepd: error: *** STEP 4201793.0 ON c19 CANCELLED AT 2024-07-09T14:51:59 ***
srun: Job step aborted: Waiting up to 32 seconds for job step to finish.
slurmstepd: error: *** JOB 4201784 ON c19 CANCELLED AT 2024-07-09T14:51:59 ***
slurmstepd: error: *** STEP 4201777.0 ON c19 CANCELLED AT 2024-07-09T14:51:59 ***
srun: Job step aborted: Waiting up to 32 seconds for job step to finish.
slurmstepd: error: *** STEP 4201790.0 ON c19 CANCELLED AT 2024-07-09T14:51:59 ***
srun: Job step aborted: Waiting up to 32 seconds for job step to finish.
slurmstepd: error: *** STEP 4201775.0 ON c19 CANCELLED AT 2024-07-09T14:51:59 ***
slurmstepd: error: *** STEP 4201818.0 ON c19 CANCELLED AT 2024-07-09T14:51:59 ***
slurmstepd: error: *** STEP 4201821.0 ON c19 CANCELLED AT 2024-07-09T14:51:59 ***
slurmstepd: error: *** STEP 4201789.0 ON c19 CANCELLED AT 2024-07-09T14:51:59 ***
slurmstepd: error: *** JOB 4201801 ON c19 CANCELLED AT 2024-07-09T14:51:59 ***
srun: error: c19: task 0: Terminated
slurmstepd: error: *** JOB 4201781 ON c19 CANCELLED AT 2024-07-09T14:51:59 ***
slurmstepd: error: *** JOB 4201780 ON c19 CANCELLED AT 2024-07-09T14:51:59 ***
srun: error: c19: task 0: Terminated
srun: Job step aborted: Waiting up to 32 seconds for job step to finish.
slurmstepd: error: *** JOB 4201787 ON c19 CANCELLED AT 2024-07-09T14:51:59 ***
srun: Job step aborted: Waiting up to 32 seconds for job step to finish.
slurmstepd: error: *** STEP 4201817.0 ON c19 CANCELLED AT 2024-07-09T14:51:59 ***
slurmstepd: error: *** JOB 4201792 ON c19 CANCELLED AT 2024-07-09T14:51:59 ***
srun: Job step aborted: Waiting up to 32 seconds for job step to finish.
slurmstepd: error: *** JOB 4201785 ON c19 CANCELLED AT 2024-07-09T14:51:59 ***
slurmstepd: error: *** JOB 4201791 ON c19 CANCELLED AT 2024-07-09T14:51:59 ***
slurmstepd: error: *** STEP 4201813.0 ON c19 CANCELLED AT 2024-07-09T14:51:59 ***
srun: error: c19: task 0: Terminated
slurmstepd: error: *** STEP 4201815.0 ON c19 CANCELLED AT 2024-07-09T14:51:59 ***
slurmstepd: error: *** JOB 4201798 ON c19 CANCELLED AT 2024-07-09T14:51:59 ***
slurmstepd: error: *** STEP 4201803.0 ON c19 CANCELLED AT 2024-07-09T14:51:59 ***
slurmstepd: error: *** JOB 4201793 ON c19 CANCELLED AT 2024-07-09T14:51:59 ***
srun: Job step aborted: Waiting up to 32 seconds for job step to finish.
srun: error: c19: task 0: Terminated
slurmstepd: error: *** STEP 4201809.0 ON c19 CANCELLED AT 2024-07-09T14:51:59 ***
srun: Job step aborted: Waiting up to 32 seconds for job step to finish.
slurmstepd: error: *** STEP 4201800.0 ON c19 CANCELLED AT 2024-07-09T14:51:59 ***
slurmstepd: error: *** JOB 4201777 ON c19 CANCELLED AT 2024-07-09T14:51:59 ***
srun: error: c19: task 0: Terminated
srun: error: c19: task 0: Terminated
srun: error: c19: task 0: Terminated
slurmstepd: error: *** JOB 4201815 ON c19 CANCELLED AT 2024-07-09T14:51:59 ***
slurmstepd: error: *** STEP 4201824.0 ON c19 CANCELLED AT 2024-07-09T14:51:59 ***
srun: error: c19: task 0: Terminated
slurmstepd: error: *** JOB 4201790 ON c19 CANCELLED AT 2024-07-09T14:51:59 ***
srun: error: c19: task 0: Terminated
srun: error: c19: task 0: Terminated
slurmstepd: error: *** STEP 4201794.0 ON c19 CANCELLED AT 2024-07-09T14:51:59 ***
slurmstepd: error: *** JOB 4201789 ON c19 CANCELLED AT 2024-07-09T14:51:59 ***
slurmstepd: error: *** JOB 4201799 ON c19 CANCELLED AT 2024-07-09T14:51:59 ***
slurmstepd: error: *** JOB 4201786 ON c19 CANCELLED AT 2024-07-09T14:51:59 ***
slurmstepd: error: *** JOB 4201796 ON c19 CANCELLED AT 2024-07-09T14:51:59 ***
srun: error: c19: task 0: Terminated
srun: Job step aborted: Waiting up to 32 seconds for job step to finish.
slurmstepd: error: *** STEP 4201776.0 ON c19 CANCELLED AT 2024-07-09T14:51:59 ***
srun: Job step aborted: Waiting up to 32 seconds for job step to finish.
srun: Job step aborted: Waiting up to 32 seconds for job step to finish.
srun: error: c19: task 0: Terminated
slurmstepd: error: *** STEP 4201861.0 ON c37 CANCELLED AT 2024-07-09T14:52:00 ***
slurmstepd: error: *** STEP 4201844.0 ON c20 CANCELLED AT 2024-07-09T14:52:00 ***
slurmstepd: error: *** JOB 4201824 ON c19 CANCELLED AT 2024-07-09T14:51:59 ***
slurmstepd: error: *** JOB 4201861 ON c37 CANCELLED AT 2024-07-09T14:52:00 ***
srun: Job step aborted: Waiting up to 32 seconds for job step to finish.
srun: Job step aborted: Waiting up to 32 seconds for job step to finish.
srun: Job step aborted: Waiting up to 32 seconds for job step to finish.
srun: Job step aborted: Waiting up to 32 seconds for job step to finish.
srun: error: c19: task 0: Terminated
srun: Job step aborted: Waiting up to 32 seconds for job step to finish.
srun: error: c37: task 0: Terminated
slurmstepd: error: *** STEP 4201816.0 ON c19 CANCELLED AT 2024-07-09T14:51:59 ***
srun: Job step aborted: Waiting up to 32 seconds for job step to finish.
srun: Job step aborted: Waiting up to 32 seconds for job step to finish.
srun: Job step aborted: Waiting up to 32 seconds for job step to finish.
slurmstepd: error: *** STEP 4201836.0 ON c20 CANCELLED AT 2024-07-09T14:52:00 ***
srun: Job step aborted: Waiting up to 32 seconds for job step to finish.
srun: error: c19: task 0: Terminated
slurmstepd: error: *** STEP 4201858.0 ON c20 CANCELLED AT 2024-07-09T14:52:00 ***
srun: Job step aborted: Waiting up to 32 seconds for job step to finish.
srun: Job step aborted: Waiting up to 32 seconds for job step to finish.
srun: Job step aborted: Waiting up to 32 seconds for job step to finish.
slurmstepd: error: *** JOB 4201844 ON c20 CANCELLED AT 2024-07-09T14:52:00 ***
srun: Job step aborted: Waiting up to 32 seconds for job step to finish.
srun: Job step aborted: Waiting up to 32 seconds for job step to finish.
slurmstepd: error: *** STEP 4201840.0 ON c20 CANCELLED AT 2024-07-09T14:52:00 ***
slurmstepd: error: *** JOB 4201809 ON c19 CANCELLED AT 2024-07-09T14:51:59 ***
slurmstepd: error: *** JOB 4201858 ON c20 CANCELLED AT 2024-07-09T14:52:00 ***
slurmstepd: error: *** STEP 4201814.0 ON c19 CANCELLED AT 2024-07-09T14:51:59 ***
srun: Job step aborted: Waiting up to 32 seconds for job step to finish.
srun: error: c19: task 0: Terminated
slurmstepd: error: *** STEP 4201862.0 ON c37 CANCELLED AT 2024-07-09T14:52:00 ***
slurmstepd: error: *** STEP 4201848.0 ON c20 CANCELLED AT 2024-07-09T14:52:00 ***
slurmstepd: error: *** JOB 4201800 ON c19 CANCELLED AT 2024-07-09T14:51:59 ***
slurmstepd: error: *** JOB 4201862 ON c37 CANCELLED AT 2024-07-09T14:52:00 ***
slurmstepd: error: *** STEP 4201831.0 ON c20 CANCELLED AT 2024-07-09T14:52:00 ***
srun: Job step aborted: Waiting up to 32 seconds for job step to finish.
srun: Job step aborted: Waiting up to 32 seconds for job step to finish.
slurmstepd: error: *** JOB 4201775 ON c19 CANCELLED AT 2024-07-09T14:51:59 ***
srun: error: c20: task 0: Terminated
srun: error: c37: task 0: Terminated
slurmstepd: error: *** STEP 4201805.0 ON c19 CANCELLED AT 2024-07-09T14:52:00 ***
slurmstepd: error: *** JOB 4201836 ON c20 CANCELLED AT 2024-07-09T14:52:00 ***
srun: Job step aborted: Waiting up to 32 seconds for job step to finish.
srun: error: c19: task 0: Terminated
srun: Job step aborted: Waiting up to 32 seconds for job step to finish.
slurmstepd: error: *** STEP 4201843.0 ON c20 CANCELLED AT 2024-07-09T14:52:00 ***
srun: Job step aborted: Waiting up to 32 seconds for job step to finish.
srun: error: c19: task 0: Terminated
srun: Job step aborted: Waiting up to 32 seconds for job step to finish.
slurmstepd: error: *** JOB 4201843 ON c20 CANCELLED AT 2024-07-09T14:52:00 ***
slurmstepd: error: *** STEP 4201833.0 ON c20 CANCELLED AT 2024-07-09T14:52:00 ***
slurmstepd: error: *** JOB 4201840 ON c20 CANCELLED AT 2024-07-09T14:52:00 ***
srun: Job step aborted: Waiting up to 32 seconds for job step to finish.
slurmstepd: error: *** STEP 4201851.0 ON c20 CANCELLED AT 2024-07-09T14:52:00 ***
srun: Job step aborted: Waiting up to 32 seconds for job step to finish.
srun: Job step aborted: Waiting up to 32 seconds for job step to finish.
srun: Job step aborted: Waiting up to 32 seconds for job step to finish.
srun: Job step aborted: Waiting up to 32 seconds for job step to finish.
srun: Job step aborted: Waiting up to 32 seconds for job step to finish.
slurmstepd: error: *** STEP 4201806.0 ON c19 CANCELLED AT 2024-07-09T14:51:59 ***
srun: Job step aborted: Waiting up to 32 seconds for job step to finish.
slurmstepd: error: *** JOB 4201817 ON c19 CANCELLED AT 2024-07-09T14:51:59 ***
slurmstepd: error: *** STEP 4201859.0 ON c37 CANCELLED AT 2024-07-09T14:52:00 ***
slurmstepd: error: *** JOB 4201848 ON c20 CANCELLED AT 2024-07-09T14:52:00 ***
srun: error: c20: task 0: Terminated
srun: error: c19: task 0: Terminated
slurmstepd: error: *** STEP 4201807.0 ON c19 CANCELLED AT 2024-07-09T14:52:00 ***
slurmstepd: error: *** STEP 4201826.0 ON c19 CANCELLED AT 2024-07-09T14:52:00 ***
slurmstepd: error: *** JOB 4201814 ON c19 CANCELLED AT 2024-07-09T14:51:59 ***
slurmstepd: error: *** JOB 4201859 ON c37 CANCELLED AT 2024-07-09T14:52:00 ***
srun: Job step aborted: Waiting up to 32 seconds for job step to finish.
srun: error: c19: task 0: Terminated
slurmstepd: error: *** STEP 4201867.0 ON c37 CANCELLED AT 2024-07-09T14:52:00 ***
srun: error: c20: task 0: Terminated
srun: error: c19: task 0: Terminated
slurmstepd: error: *** STEP 4201868.0 ON c37 CANCELLED AT 2024-07-09T14:52:00 ***
slurmstepd: error: *** JOB 4201831 ON c20 CANCELLED AT 2024-07-09T14:52:00 ***
slurmstepd: error: *** JOB 4201867 ON c37 CANCELLED AT 2024-07-09T14:52:00 ***
slurmstepd: error: *** JOB 4201826 ON c19 CANCELLED AT 2024-07-09T14:52:00 ***
slurmstepd: error: *** STEP 4201845.0 ON c20 CANCELLED AT 2024-07-09T14:52:00 ***
slurmstepd: error: *** JOB 4201868 ON c37 CANCELLED AT 2024-07-09T14:52:00 ***
srun: error: c19: task 0: Terminated
srun: Job step aborted: Waiting up to 32 seconds for job step to finish.
srun: Job step aborted: Waiting up to 32 seconds for job step to finish.
srun: error: c19: task 0: Terminated
slurmstepd: error: *** JOB 4201845 ON c20 CANCELLED AT 2024-07-09T14:52:00 ***
srun: error: c37: task 0: Terminated
slurmstepd: error: *** JOB 4201807 ON c19 CANCELLED AT 2024-07-09T14:52:00 ***
slurmstepd: error: *** STEP 4201846.0 ON c20 CANCELLED AT 2024-07-09T14:52:00 ***
srun: Job step aborted: Waiting up to 32 seconds for job step to finish.
srun: error: c37: task 0: Terminated
srun: error: c19: task 0: Terminated
srun: Job step aborted: Waiting up to 32 seconds for job step to finish.
slurmstepd: error: *** STEP 4201864.0 ON c37 CANCELLED AT 2024-07-09T14:52:00 ***
srun: Job step aborted: Waiting up to 32 seconds for job step to finish.
srun: error: c20: task 0: Terminated
slurmstepd: error: *** STEP 4201850.0 ON c20 CANCELLED AT 2024-07-09T14:52:00 ***
slurmstepd: error: *** STEP 4201839.0 ON c20 CANCELLED AT 2024-07-09T14:52:00 ***
slurmstepd: error: *** JOB 4201803 ON c19 CANCELLED AT 2024-07-09T14:51:59 ***
slurmstepd: error: *** JOB 4201864 ON c37 CANCELLED AT 2024-07-09T14:52:00 ***
slurmstepd: error: *** STEP 4201854.0 ON c20 CANCELLED AT 2024-07-09T14:52:00 ***
slurmstepd: error: *** STEP 4201829.0 ON c19 CANCELLED AT 2024-07-09T14:52:00 ***
srun: Job step aborted: Waiting up to 32 seconds for job step to finish.
slurmstepd: error: *** STEP 4201832.0 ON c20 CANCELLED AT 2024-07-09T14:52:00 ***
slurmstepd: error: *** STEP 4201823.0 ON c19 CANCELLED AT 2024-07-09T14:51:59 ***
slurmstepd: error: *** STEP 4201853.0 ON c20 CANCELLED AT 2024-07-09T14:52:00 ***
slurmstepd: error: *** JOB 4201854 ON c20 CANCELLED AT 2024-07-09T14:52:00 ***
srun: error: c20: task 0: Terminated
slurmstepd: error: *** STEP 4201857.0 ON c20 CANCELLED AT 2024-07-09T14:52:00 ***
srun: Job step aborted: Waiting up to 32 seconds for job step to finish.
srun: error: c37: task 0: Terminated
srun: Job step aborted: Waiting up to 32 seconds for job step to finish.
slurmstepd: error: *** STEP 4201875.0 ON c37 CANCELLED AT 2024-07-09T14:52:01 ***
srun: Job step aborted: Waiting up to 32 seconds for job step to finish.
srun: Job step aborted: Waiting up to 32 seconds for job step to finish.
slurmstepd: error: *** STEP 4201878.0 ON c37 CANCELLED AT 2024-07-09T14:52:01 ***
srun: error: c19: task 0: Terminated
slurmstepd: error: *** JOB 4201833 ON c20 CANCELLED AT 2024-07-09T14:52:00 ***
slurmstepd: error: *** STEP 4201873.0 ON c37 CANCELLED AT 2024-07-09T14:52:01 ***
slurmstepd: error: *** STEP 4201838.0 ON c20 CANCELLED AT 2024-07-09T14:52:00 ***
slurmstepd: error: *** STEP 4201810.0 ON c19 CANCELLED AT 2024-07-09T14:51:59 ***
srun: Job step aborted: Waiting up to 32 seconds for job step to finish.
slurmstepd: error: *** JOB 4201832 ON c20 CANCELLED AT 2024-07-09T14:52:00 ***
slurmstepd: error: *** JOB 4201839 ON c20 CANCELLED AT 2024-07-09T14:52:00 ***
slurmstepd: error: *** JOB 4201829 ON c19 CANCELLED AT 2024-07-09T14:52:00 ***
slurmstepd: error: *** STEP 4201879.0 ON c37 CANCELLED AT 2024-07-09T14:52:01 ***
slurmstepd: error: *** JOB 4201853 ON c20 CANCELLED AT 2024-07-09T14:52:00 ***
slurmstepd: error: *** STEP 4201835.0 ON c20 CANCELLED AT 2024-07-09T14:52:00 ***
slurmstepd: error: *** STEP 4201837.0 ON c20 CANCELLED AT 2024-07-09T14:52:00 ***
slurmstepd: error: *** JOB 4201838 ON c20 CANCELLED AT 2024-07-09T14:52:00 ***
slurmstepd: error: *** JOB 4201823 ON c19 CANCELLED AT 2024-07-09T14:51:59 ***
slurmstepd: error: *** JOB 4201878 ON c37 CANCELLED AT 2024-07-09T14:52:01 ***
srun: Job step aborted: Waiting up to 32 seconds for job step to finish.
srun: error: c20: task 0: Terminated
srun: error: c20: task 0: Terminated
srun: error: c19: task 0: Terminated
slurmstepd: error: *** STEP 4201863.0 ON c37 CANCELLED AT 2024-07-09T14:52:01 ***
srun: error: c20: task 0: Terminated
slurmstepd: error: *** JOB 4201837 ON c20 CANCELLED AT 2024-07-09T14:52:00 ***
srun: error: c20: task 0: Terminated
slurmstepd: error: *** JOB 4201846 ON c20 CANCELLED AT 2024-07-09T14:52:00 ***
srun: error: c19: task 0: Terminated
srun: Job step aborted: Waiting up to 32 seconds for job step to finish.
srun: Job step aborted: Waiting up to 32 seconds for job step to finish.
slurmstepd: error: *** STEP 4201872.0 ON c37 CANCELLED AT 2024-07-09T14:52:01 ***
srun: Job step aborted: Waiting up to 32 seconds for job step to finish.
srun: Job step aborted: Waiting up to 32 seconds for job step to finish.
slurmstepd: error: *** STEP 4201849.0 ON c20 CANCELLED AT 2024-07-09T14:52:00 ***
slurmstepd: error: *** STEP 4201795.0 ON c19 CANCELLED AT 2024-07-09T14:51:59 ***
srun: Job step aborted: Waiting up to 32 seconds for job step to finish.
srun: error: c20: task 0: Terminated
slurmstepd: error: *** JOB 4201849 ON c20 CANCELLED AT 2024-07-09T14:52:00 ***
srun: error: c19: task 0: Terminated
slurmstepd: error: *** JOB 4201879 ON c37 CANCELLED AT 2024-07-09T14:52:01 ***
srun: error: c20: task 0: Terminated
srun: error: c19: task 0: Terminated
slurmstepd: error: *** STEP 4201822.0 ON c19 CANCELLED AT 2024-07-09T14:52:00 ***
slurmstepd: error: *** STEP 4201871.0 ON c37 CANCELLED AT 2024-07-09T14:52:01 ***
srun: Job step aborted: Waiting up to 32 seconds for job step to finish.
srun: Job step aborted: Waiting up to 32 seconds for job step to finish.
srun: error: c19: task 0: Terminated
slurmstepd: error: *** STEP 4201828.0 ON c19 CANCELLED AT 2024-07-09T14:52:00 ***
slurmstepd: error: *** STEP 4201865.0 ON c37 CANCELLED AT 2024-07-09T14:52:01 ***
slurmstepd: error: *** JOB 4201857 ON c20 CANCELLED AT 2024-07-09T14:52:00 ***
slurmstepd: error: *** STEP 4201852.0 ON c20 CANCELLED AT 2024-07-09T14:52:00 ***
slurmstepd: error: *** JOB 4201805 ON c19 CANCELLED AT 2024-07-09T14:52:00 ***
slurmstepd: error: *** JOB 4201863 ON c37 CANCELLED AT 2024-07-09T14:52:01 ***
slurmstepd: error: *** JOB 4201851 ON c20 CANCELLED AT 2024-07-09T14:52:00 ***
slurmstepd: error: *** STEP 4201834.0 ON c20 CANCELLED AT 2024-07-09T14:52:00 ***
srun: error: c19: task 0: Terminated
srun: error: c20: task 0: Terminated
slurmstepd: error: *** STEP 4201869.0 ON c37 CANCELLED AT 2024-07-09T14:52:01 ***
srun: error: c37: task 0: Terminated
srun: error: c19: task 0: Terminated
srun: error: c20: task 0: Terminated
srun: error: c20: task 0: Terminated
srun: error: c20: task 0: Terminated
srun: Job step aborted: Waiting up to 32 seconds for job step to finish.
slurmstepd: error: *** JOB 4201795 ON c19 CANCELLED AT 2024-07-09T14:51:59 ***
slurmstepd: error: *** JOB 4201810 ON c19 CANCELLED AT 2024-07-09T14:51:59 ***
srun: error: c19: task 0: Terminated
slurmstepd: error: *** JOB 4201834 ON c20 CANCELLED AT 2024-07-09T14:52:00 ***
srun: error: c20: task 0: Terminated
srun: error: c20: task 0: Terminated
srun: Job step aborted: Waiting up to 32 seconds for job step to finish.
srun: Job step aborted: Waiting up to 32 seconds for job step to finish.
srun: Job step aborted: Waiting up to 32 seconds for job step to finish.
slurmstepd: error: *** JOB 4201822 ON c19 CANCELLED AT 2024-07-09T14:52:00 ***
slurmstepd: error: *** STEP 4201841.0 ON c20 CANCELLED AT 2024-07-09T14:52:00 ***
slurmstepd: error: *** JOB 4201806 ON c19 CANCELLED AT 2024-07-09T14:51:59 ***
srun: Job step aborted: Waiting up to 32 seconds for job step to finish.
srun: error: c20: task 0: Terminated
slurmstepd: error: *** JOB 4201813 ON c19 CANCELLED AT 2024-07-09T14:51:59 ***
srun: Job step aborted: Waiting up to 32 seconds for job step to finish.
slurmstepd: error: *** STEP 4201847.0 ON c20 CANCELLED AT 2024-07-09T14:52:00 ***
slurmstepd: error: *** STEP 4201855.0 ON c20 CANCELLED AT 2024-07-09T14:52:00 ***
slurmstepd: error: *** JOB 4201847 ON c20 CANCELLED AT 2024-07-09T14:52:00 ***
slurmstepd: error: *** JOB 4201852 ON c20 CANCELLED AT 2024-07-09T14:52:00 ***
slurmstepd: error: *** JOB 4201850 ON c20 CANCELLED AT 2024-07-09T14:52:00 ***
slurmstepd: error: *** JOB 4201855 ON c20 CANCELLED AT 2024-07-09T14:52:00 ***
srun: error: c20: task 0: Terminated
srun: error: c20: task 0: Terminated
slurmstepd: error: *** JOB 4201819 ON c19 CANCELLED AT 2024-07-09T14:51:59 ***
srun: Job step aborted: Waiting up to 32 seconds for job step to finish.
slurmstepd: error: *** STEP 4201856.0 ON c20 CANCELLED AT 2024-07-09T14:52:00 ***
slurmstepd: error: *** JOB 4201835 ON c20 CANCELLED AT 2024-07-09T14:52:00 ***
slurmstepd: error: *** JOB 4201856 ON c20 CANCELLED AT 2024-07-09T14:52:00 ***
slurmstepd: error: *** JOB 4201794 ON c19 CANCELLED AT 2024-07-09T14:51:59 ***
srun: Job step aborted: Waiting up to 32 seconds for job step to finish.
srun: error: c20: task 0: Terminated
srun: error: c20: task 0: Terminated
srun: error: c19: task 0: Terminated
slurmstepd: error: *** JOB 4201872 ON c37 CANCELLED AT 2024-07-09T14:52:01 ***
srun: error: c20: task 0: Terminated
srun: error: c20: task 0: Terminated
srun: error: c20: task 0: Terminated
srun: error: c19: task 0: Terminated
slurmstepd: error: *** STEP 4201895.0 ON c37 CANCELLED AT 2024-07-09T14:52:01 ***
slurmstepd: error: *** JOB 4201841 ON c20 CANCELLED AT 2024-07-09T14:52:00 ***
srun: error: c19: task 0: Terminated
srun: Job step aborted: Waiting up to 32 seconds for job step to finish.
srun: error: c20: task 0: Terminated
slurmstepd: error: *** STEP 4201825.0 ON c19 CANCELLED AT 2024-07-09T14:52:00 ***
srun: Job step aborted: Waiting up to 32 seconds for job step to finish.
srun: error: c20: task 0: Terminated
srun: error: c19: task 0: Terminated
slurmstepd: error: *** STEP 4201830.0 ON c19 CANCELLED AT 2024-07-09T14:52:00 ***
srun: Job step aborted: Waiting up to 32 seconds for job step to finish.
slurmstepd: error: *** STEP 4201842.0 ON c20 CANCELLED AT 2024-07-09T14:52:00 ***
slurmstepd: error: *** JOB 4201821 ON c19 CANCELLED AT 2024-07-09T14:51:59 ***
slurmstepd: error: *** STEP 4201912.0 ON c37 CANCELLED AT 2024-07-09T14:52:01 ***
slurmstepd: error: *** JOB 4201842 ON c20 CANCELLED AT 2024-07-09T14:52:00 ***
srun: error: c19: task 0: Terminated
srun: Job step aborted: Waiting up to 32 seconds for job step to finish.
srun: Job step aborted: Waiting up to 32 seconds for job step to finish.
srun: error: c20: task 0: Terminated
srun: error: c19: task 0: Terminated
slurmstepd: error: *** STEP 4201908.0 ON c37 CANCELLED AT 2024-07-09T14:52:01 ***
srun: error: c19: task 0: Terminated
srun: Job step aborted: Waiting up to 32 seconds for job step to finish.
slurmstepd: error: *** JOB 4201865 ON c37 CANCELLED AT 2024-07-09T14:52:01 ***
srun: error: c19: task 0: Terminated
slurmstepd: error: *** STEP 4201911.0 ON c37 CANCELLED AT 2024-07-09T14:52:01 ***
srun: Job step aborted: Waiting up to 32 seconds for job step to finish.
slurmstepd: error: *** STEP 4201866.0 ON c37 CANCELLED AT 2024-07-09T14:52:01 ***
srun: Job step aborted: Waiting up to 32 seconds for job step to finish.
srun: error: c19: task 0: Terminated
srun: Job step aborted: Waiting up to 32 seconds for job step to finish.
slurmstepd: error: *** JOB 4201830 ON c19 CANCELLED AT 2024-07-09T14:52:00 ***
slurmstepd: error: *** STEP 4201894.0 ON c37 CANCELLED AT 2024-07-09T14:52:01 ***
slurmstepd: error: *** JOB 4201816 ON c19 CANCELLED AT 2024-07-09T14:51:59 ***
srun: error: c19: task 0: Terminated
srun: error: c19: task 0: Terminated
slurmstepd: error: *** STEP 4201876.0 ON c37 CANCELLED AT 2024-07-09T14:52:01 ***
slurmstepd: error: *** JOB 4201818 ON c19 CANCELLED AT 2024-07-09T14:51:59 ***
srun: Job step aborted: Waiting up to 32 seconds for job step to finish.
slurmstepd: error: *** JOB 4201911 ON c37 CANCELLED AT 2024-07-09T14:52:01 ***
srun: error: c19: task 0: Terminated
srun: error: c19: task 0: Terminated
slurmstepd: error: *** JOB 4201866 ON c37 CANCELLED AT 2024-07-09T14:52:01 ***
srun: error: c19: task 0: Terminated
slurmstepd: error: *** JOB 4201912 ON c37 CANCELLED AT 2024-07-09T14:52:01 ***
slurmstepd: error: *** STEP 4201882.0 ON c37 CANCELLED AT 2024-07-09T14:52:01 ***
slurmstepd: error: *** JOB 4201894 ON c37 CANCELLED AT 2024-07-09T14:52:01 ***
srun: error: c37: task 0: Terminated
slurmstepd: error: *** JOB 4201873 ON c37 CANCELLED AT 2024-07-09T14:52:01 ***
srun: Job step aborted: Waiting up to 32 seconds for job step to finish.
srun: Job step aborted: Waiting up to 32 seconds for job step to finish.
slurmstepd: error: *** STEP 4201893.0 ON c37 CANCELLED AT 2024-07-09T14:52:01 ***
slurmstepd: error: *** JOB 4201828 ON c19 CANCELLED AT 2024-07-09T14:52:00 ***
slurmstepd: error: *** JOB 4201776 ON c19 CANCELLED AT 2024-07-09T14:51:59 ***
srun: error: c19: task 0: Terminated
srun: Job step aborted: Waiting up to 32 seconds for job step to finish.
srun: Job step aborted: Waiting up to 32 seconds for job step to finish.
srun: Job step aborted: Waiting up to 32 seconds for job step to finish.
slurmstepd: error: *** STEP 4201905.0 ON c37 CANCELLED AT 2024-07-09T14:52:01 ***
srun: error: c19: task 0: Terminated
slurmstepd: error: *** STEP 4201880.0 ON c37 CANCELLED AT 2024-07-09T14:52:01 ***
slurmstepd: error: *** STEP 4201827.0 ON c19 CANCELLED AT 2024-07-09T14:52:00 ***
slurmstepd: error: *** JOB 4201876 ON c37 CANCELLED AT 2024-07-09T14:52:01 ***
srun: error: c37: task 0: Terminated
srun: error: c37: task 0: Terminated
slurmstepd: error: *** STEP 4201890.0 ON c37 CANCELLED AT 2024-07-09T14:52:01 ***
srun: error: c19: task 0: Terminated
srun: Job step aborted: Waiting up to 32 seconds for job step to finish.
slurmstepd: error: *** STEP 4201889.0 ON c37 CANCELLED AT 2024-07-09T14:52:01 ***
srun: Job step aborted: Waiting up to 32 seconds for job step to finish.
slurmstepd: error: *** JOB 4201890 ON c37 CANCELLED AT 2024-07-09T14:52:01 ***
slurmstepd: error: *** JOB 4201825 ON c19 CANCELLED AT 2024-07-09T14:52:00 ***
slurmstepd: error: *** STEP 4201916.0 ON c38 CANCELLED AT 2024-07-09T14:52:02 ***
srun: Job step aborted: Waiting up to 32 seconds for job step to finish.
slurmstepd: error: *** STEP 4201883.0 ON c37 CANCELLED AT 2024-07-09T14:52:01 ***
slurmstepd: error: *** JOB 4201827 ON c19 CANCELLED AT 2024-07-09T14:52:00 ***
srun: error: c19: task 0: Terminated
slurmstepd: error: *** JOB 4201916 ON c38 CANCELLED AT 2024-07-09T14:52:02 ***
srun: Job step aborted: Waiting up to 32 seconds for job step to finish.
slurmstepd: error: *** JOB 4201875 ON c37 CANCELLED AT 2024-07-09T14:52:01 ***
slurmstepd: error: *** STEP 4201896.0 ON c37 CANCELLED AT 2024-07-09T14:52:01 ***
slurmstepd: error: *** JOB 4201908 ON c37 CANCELLED AT 2024-07-09T14:52:01 ***
srun: error: c19: task 0: Terminated
srun: Job step aborted: Waiting up to 32 seconds for job step to finish.
srun: Job step aborted: Waiting up to 32 seconds for job step to finish.
srun: Job step aborted: Waiting up to 32 seconds for job step to finish.
slurmstepd: error: *** STEP 4201885.0 ON c37 CANCELLED AT 2024-07-09T14:52:01 ***
srun: error: c38: task 0: Terminated
srun: error: c37: task 0: Terminated
srun: Job step aborted: Waiting up to 32 seconds for job step to finish.
slurmstepd: error: *** STEP 4201899.0 ON c37 CANCELLED AT 2024-07-09T14:52:01 ***
slurmstepd: error: *** STEP 4201919.0 ON c38 CANCELLED AT 2024-07-09T14:52:02 ***
slurmstepd: error: *** JOB 4201893 ON c37 CANCELLED AT 2024-07-09T14:52:01 ***
srun: Job step aborted: Waiting up to 32 seconds for job step to finish.
slurmstepd: error: *** STEP 4201884.0 ON c37 CANCELLED AT 2024-07-09T14:52:01 ***
slurmstepd: error: *** STEP 4201921.0 ON c38 CANCELLED AT 2024-07-09T14:52:02 ***
srun: error: c37: task 0: Terminated
srun: Job step aborted: Waiting up to 32 seconds for job step to finish.
slurmstepd: error: *** JOB 4201905 ON c37 CANCELLED AT 2024-07-09T14:52:01 ***
srun: Job step aborted: Waiting up to 32 seconds for job step to finish.
slurmstepd: error: *** STEP 4201928.0 ON c38 CANCELLED AT 2024-07-09T14:52:02 ***
slurmstepd: error: *** STEP 4201887.0 ON c37 CANCELLED AT 2024-07-09T14:52:01 ***
srun: Job step aborted: Waiting up to 32 seconds for job step to finish.
srun: error: c37: task 0: Terminated
srun: Job step aborted: Waiting up to 32 seconds for job step to finish.
slurmstepd: error: *** JOB 4201884 ON c37 CANCELLED AT 2024-07-09T14:52:01 ***
srun: Job step aborted: Waiting up to 32 seconds for job step to finish.
srun: error: c37: task 0: Terminated
srun: error: c37: task 0: Terminated
slurmstepd: error: *** STEP 4201886.0 ON c37 CANCELLED AT 2024-07-09T14:52:01 ***
slurmstepd: error: *** JOB 4201871 ON c37 CANCELLED AT 2024-07-09T14:52:01 ***
slurmstepd: error: *** JOB 4201896 ON c37 CANCELLED AT 2024-07-09T14:52:01 ***
slurmstepd: error: *** JOB 4201882 ON c37 CANCELLED AT 2024-07-09T14:52:01 ***
srun: Job step aborted: Waiting up to 32 seconds for job step to finish.
srun: error: c37: task 0: Terminated
slurmstepd: error: *** STEP 4201913.0 ON c37 CANCELLED AT 2024-07-09T14:52:02 ***
srun: Job step aborted: Waiting up to 32 seconds for job step to finish.
srun: error: c37: task 0: Terminated
srun: Job step aborted: Waiting up to 32 seconds for job step to finish.
srun: Job step aborted: Waiting up to 32 seconds for job step to finish.
slurmstepd: error: *** JOB 4201895 ON c37 CANCELLED AT 2024-07-09T14:52:01 ***
slurmstepd: error: *** JOB 4201928 ON c38 CANCELLED AT 2024-07-09T14:52:02 ***
slurmstepd: error: *** JOB 4201889 ON c37 CANCELLED AT 2024-07-09T14:52:01 ***
srun: Job step aborted: Waiting up to 32 seconds for job step to finish.
srun: error: c37: task 0: Terminated
srun: Job step aborted: Waiting up to 32 seconds for job step to finish.
slurmstepd: error: *** JOB 4201885 ON c37 CANCELLED AT 2024-07-09T14:52:01 ***
srun: Job step aborted: Waiting up to 32 seconds for job step to finish.
srun: Job step aborted: Waiting up to 32 seconds for job step to finish.
slurmstepd: error: *** STEP 4201923.0 ON c38 CANCELLED AT 2024-07-09T14:52:02 ***
srun: error: c37: task 0: Terminated
srun: Job step aborted: Waiting up to 32 seconds for job step to finish.
slurmstepd: error: *** STEP 4201918.0 ON c38 CANCELLED AT 2024-07-09T14:52:02 ***
slurmstepd: error: *** STEP 4201926.0 ON c38 CANCELLED AT 2024-07-09T14:52:02 ***
slurmstepd: error: *** JOB 4201918 ON c38 CANCELLED AT 2024-07-09T14:52:02 ***
srun: Job step aborted: Waiting up to 32 seconds for job step to finish.
slurmstepd: error: *** STEP 4201914.0 ON c37 CANCELLED AT 2024-07-09T14:52:01 ***
slurmstepd: error: *** STEP 4201917.0 ON c38 CANCELLED AT 2024-07-09T14:52:02 ***
srun: Job step aborted: Waiting up to 32 seconds for job step to finish.
srun: error: c37: task 0: Terminated
slurmstepd: error: *** STEP 4201891.0 ON c37 CANCELLED AT 2024-07-09T14:52:01 ***
slurmstepd: error: *** STEP 4201925.0 ON c38 CANCELLED AT 2024-07-09T14:52:02 ***
slurmstepd: error: *** STEP 4201874.0 ON c37 CANCELLED AT 2024-07-09T14:52:01 ***
srun: error: c37: task 0: Terminated
srun: Job step aborted: Waiting up to 32 seconds for job step to finish.
slurmstepd: error: *** JOB 4201921 ON c38 CANCELLED AT 2024-07-09T14:52:02 ***
srun: Job step aborted: Waiting up to 32 seconds for job step to finish.
slurmstepd: error: *** STEP 4201888.0 ON c37 CANCELLED AT 2024-07-09T14:52:01 ***
srun: Job step aborted: Waiting up to 32 seconds for job step to finish.
srun: Job step aborted: Waiting up to 32 seconds for job step to finish.
slurmstepd: error: *** JOB 4201926 ON c38 CANCELLED AT 2024-07-09T14:52:02 ***
srun: Job step aborted: Waiting up to 32 seconds for job step to finish.
slurmstepd: error: *** JOB 4201914 ON c37 CANCELLED AT 2024-07-09T14:52:01 ***
srun: Job step aborted: Waiting up to 32 seconds for job step to finish.
slurmstepd: error: *** STEP 4201948.0 ON c38 CANCELLED AT 2024-07-09T14:52:02 ***
slurmstepd: error: *** STEP 4201909.0 ON c37 CANCELLED AT 2024-07-09T14:52:01 ***
slurmstepd: error: *** JOB 4201886 ON c37 CANCELLED AT 2024-07-09T14:52:01 ***
srun: Job step aborted: Waiting up to 32 seconds for job step to finish.
slurmstepd: error: *** STEP 4201897.0 ON c37 CANCELLED AT 2024-07-09T14:52:01 ***
slurmstepd: error: *** STEP 4201939.0 ON c38 CANCELLED AT 2024-07-09T14:52:02 ***
srun: error: c38: task 0: Terminated
slurmstepd: error: *** STEP 4201943.0 ON c38 CANCELLED AT 2024-07-09T14:52:02 ***
srun: error: c37: task 0: Terminated
slurmstepd: error: *** JOB 4201897 ON c37 CANCELLED AT 2024-07-09T14:52:01 ***
srun: Job step aborted: Waiting up to 32 seconds for job step to finish.
slurmstepd: error: *** STEP 4201904.0 ON c37 CANCELLED AT 2024-07-09T14:52:01 ***
slurmstepd: error: *** STEP 4201924.0 ON c38 CANCELLED AT 2024-07-09T14:52:02 ***
srun: error: c37: task 0: Terminated
slurmstepd: error: *** STEP 4201922.0 ON c38 CANCELLED AT 2024-07-09T14:52:02 ***
srun: error: c37: task 0: Terminated
srun: error: c37: task 0: Terminated
slurmstepd: error: *** STEP 4201929.0 ON c38 CANCELLED AT 2024-07-09T14:52:02 ***
slurmstepd: error: *** STEP 4201940.0 ON c38 CANCELLED AT 2024-07-09T14:52:02 ***
srun: error: c37: task 0: Terminated
slurmstepd: error: *** JOB 4201924 ON c38 CANCELLED AT 2024-07-09T14:52:02 ***
srun: Job step aborted: Waiting up to 32 seconds for job step to finish.
slurmstepd: error: *** JOB 4201943 ON c38 CANCELLED AT 2024-07-09T14:52:02 ***
slurmstepd: error: *** STEP 4201907.0 ON c37 CANCELLED AT 2024-07-09T14:52:02 ***
srun: Job step aborted: Waiting up to 32 seconds for job step to finish.
srun: Job step aborted: Waiting up to 32 seconds for job step to finish.
slurmstepd: error: *** STEP 4201930.0 ON c38 CANCELLED AT 2024-07-09T14:52:02 ***
slurmstepd: error: *** STEP 4201881.0 ON c37 CANCELLED AT 2024-07-09T14:52:01 ***
slurmstepd: error: *** STEP 4201933.0 ON c38 CANCELLED AT 2024-07-09T14:52:02 ***
slurmstepd: error: *** JOB 4201940 ON c38 CANCELLED AT 2024-07-09T14:52:02 ***
slurmstepd: error: *** JOB 4201948 ON c38 CANCELLED AT 2024-07-09T14:52:03 ***
slurmstepd: error: *** JOB 4201899 ON c37 CANCELLED AT 2024-07-09T14:52:01 ***
srun: Job step aborted: Waiting up to 32 seconds for job step to finish.
srun: Job step aborted: Waiting up to 32 seconds for job step to finish.
srun: Job step aborted: Waiting up to 32 seconds for job step to finish.
srun: error: c37: task 0: Terminated
srun: Job step aborted: Waiting up to 32 seconds for job step to finish.
slurmstepd: error: *** JOB 4201923 ON c38 CANCELLED AT 2024-07-09T14:52:02 ***
srun: Job step aborted: Waiting up to 32 seconds for job step to finish.
slurmstepd: error: *** STEP 4201935.0 ON c38 CANCELLED AT 2024-07-09T14:52:02 ***
srun: error: c37: task 0: Terminated
slurmstepd: error: *** JOB 4201929 ON c38 CANCELLED AT 2024-07-09T14:52:02 ***
slurmstepd: error: *** STEP 4201901.0 ON c37 CANCELLED AT 2024-07-09T14:52:02 ***
slurmstepd: error: *** JOB 4201917 ON c38 CANCELLED AT 2024-07-09T14:52:02 ***
srun: Job step aborted: Waiting up to 32 seconds for job step to finish.
slurmstepd: error: *** JOB 4201925 ON c38 CANCELLED AT 2024-07-09T14:52:02 ***
srun: error: c37: task 0: Terminated
slurmstepd: error: *** STEP 4201931.0 ON c38 CANCELLED AT 2024-07-09T14:52:02 ***
slurmstepd: error: *** STEP 4201910.0 ON c37 CANCELLED AT 2024-07-09T14:52:01 ***
slurmstepd: error: *** STEP 4201920.0 ON c38 CANCELLED AT 2024-07-09T14:52:02 ***
slurmstepd: error: *** STEP 4201938.0 ON c38 CANCELLED AT 2024-07-09T14:52:02 ***
slurmstepd: error: *** JOB 4201910 ON c37 CANCELLED AT 2024-07-09T14:52:01 ***
srun: Job step aborted: Waiting up to 32 seconds for job step to finish.
slurmstepd: error: *** JOB 4201901 ON c37 CANCELLED AT 2024-07-09T14:52:02 ***
srun: Job step aborted: Waiting up to 32 seconds for job step to finish.
srun: Job step aborted: Waiting up to 32 seconds for job step to finish.
slurmstepd: error: *** JOB 4201888 ON c37 CANCELLED AT 2024-07-09T14:52:01 ***
slurmstepd: error: *** JOB 4201935 ON c38 CANCELLED AT 2024-07-09T14:52:02 ***
srun: error: c38: task 0: Terminated
srun: error: c38: task 0: Terminated
slurmstepd: error: *** STEP 4201947.0 ON c38 CANCELLED AT 2024-07-09T14:52:02 ***
slurmstepd: error: *** JOB 4201909 ON c37 CANCELLED AT 2024-07-09T14:52:01 ***
slurmstepd: error: *** JOB 4201930 ON c38 CANCELLED AT 2024-07-09T14:52:02 ***
slurmstepd: error: *** JOB 4201947 ON c38 CANCELLED AT 2024-07-09T14:52:03 ***
slurmstepd: error: *** JOB 4201922 ON c38 CANCELLED AT 2024-07-09T14:52:02 ***
slurmstepd: error: *** JOB 4201880 ON c37 CANCELLED AT 2024-07-09T14:52:01 ***
slurmstepd: error: *** JOB 4201939 ON c38 CANCELLED AT 2024-07-09T14:52:02 ***
srun: error: c37: task 0: Terminated
slurmstepd: error: *** JOB 4201933 ON c38 CANCELLED AT 2024-07-09T14:52:02 ***
srun: error: c37: task 0: Terminated
slurmstepd: error: *** JOB 4201931 ON c38 CANCELLED AT 2024-07-09T14:52:02 ***
slurmstepd: error: *** JOB 4201913 ON c37 CANCELLED AT 2024-07-09T14:52:02 ***
slurmstepd: error: *** STEP 4201932.0 ON c38 CANCELLED AT 2024-07-09T14:52:02 ***
slurmstepd: error: *** JOB 4201938 ON c38 CANCELLED AT 2024-07-09T14:52:02 ***
srun: error: c38: task 0: Terminated
slurmstepd: error: *** STEP 4201902.0 ON c37 CANCELLED AT 2024-07-09T14:52:01 ***
slurmstepd: error: *** STEP 4201927.0 ON c38 CANCELLED AT 2024-07-09T14:52:02 ***
srun: Job step aborted: Waiting up to 32 seconds for job step to finish.
srun: error: c38: task 0: Terminated
slurmstepd: error: *** STEP 4201941.0 ON c38 CANCELLED AT 2024-07-09T14:52:02 ***
slurmstepd: error: *** STEP 4201937.0 ON c38 CANCELLED AT 2024-07-09T14:52:03 ***
srun: error: c38: task 0: Terminated
srun: Job step aborted: Waiting up to 32 seconds for job step to finish.
srun: error: c38: task 0: Terminated
srun: error: c38: task 0: Terminated
srun: error: c38: task 0: Terminated
srun: Job step aborted: Waiting up to 32 seconds for job step to finish.
slurmstepd: error: *** STEP 4201877.0 ON c37 CANCELLED AT 2024-07-09T14:52:01 ***
slurmstepd: error: *** STEP 4201900.0 ON c37 CANCELLED AT 2024-07-09T14:52:01 ***
slurmstepd: error: *** STEP 4201898.0 ON c37 CANCELLED AT 2024-07-09T14:52:03 ***
slurmstepd: error: *** JOB 4201920 ON c38 CANCELLED AT 2024-07-09T14:52:02 ***
srun: Job step aborted: Waiting up to 32 seconds for job step to finish.
srun: Job step aborted: Waiting up to 32 seconds for job step to finish.
srun: error: c38: task 0: Terminated
slurmstepd: error: *** JOB 4201874 ON c37 CANCELLED AT 2024-07-09T14:52:01 ***
slurmstepd: error: *** JOB 4201898 ON c37 CANCELLED AT 2024-07-09T14:52:03 ***
srun: error: c37: task 0: Terminated
slurmstepd: error: *** JOB 4201907 ON c37 CANCELLED AT 2024-07-09T14:52:02 ***
srun: error: c38: task 0: Terminated
srun: error: c38: task 0: Terminated
srun: error: c38: task 0: Terminated
slurmstepd: error: *** JOB 4201877 ON c37 CANCELLED AT 2024-07-09T14:52:01 ***
srun: Job step aborted: Waiting up to 32 seconds for job step to finish.
srun: error: c38: task 0: Terminated
srun: Job step aborted: Waiting up to 32 seconds for job step to finish.
srun: Job step aborted: Waiting up to 32 seconds for job step to finish.
srun: Job step aborted: Waiting up to 32 seconds for job step to finish.
srun: Job step aborted: Waiting up to 32 seconds for job step to finish.
srun: Job step aborted: Waiting up to 32 seconds for job step to finish.
srun: Job step aborted: Waiting up to 32 seconds for job step to finish.
slurmstepd: error: *** JOB 4201891 ON c37 CANCELLED AT 2024-07-09T14:52:01 ***
slurmstepd: error: *** JOB 4201927 ON c38 CANCELLED AT 2024-07-09T14:52:02 ***
srun: Job step aborted: Waiting up to 32 seconds for job step to finish.
slurmstepd: error: *** JOB 4201904 ON c37 CANCELLED AT 2024-07-09T14:52:01 ***
slurmstepd: error: *** JOB 4201919 ON c38 CANCELLED AT 2024-07-09T14:52:02 ***
srun: Job step aborted: Waiting up to 32 seconds for job step to finish.
slurmstepd: error: *** STEP 4201963.0 ON c38 CANCELLED AT 2024-07-09T14:52:03 ***
srun: error: c38: task 0: Terminated
srun: error: c37: task 0: Terminated
srun: Job step aborted: Waiting up to 32 seconds for job step to finish.
srun: Job step aborted: Waiting up to 32 seconds for job step to finish.
srun: error: c37: task 0: Terminated
srun: Job step aborted: Waiting up to 32 seconds for job step to finish.
slurmstepd: error: *** JOB 4201887 ON c37 CANCELLED AT 2024-07-09T14:52:01 ***
slurmstepd: error: *** STEP 4201958.0 ON c38 CANCELLED AT 2024-07-09T14:52:03 ***
srun: Job step aborted: Waiting up to 32 seconds for job step to finish.
slurmstepd: error: *** STEP 4201980.0 ON c38 CANCELLED AT 2024-07-09T14:52:03 ***
srun: error: c38: task 0: Terminated
srun: Job step aborted: Waiting up to 32 seconds for job step to finish.
slurmstepd: error: *** STEP 4201949.0 ON c38 CANCELLED AT 2024-07-09T14:52:03 ***
slurmstepd: error: *** STEP 4201981.0 ON c38 CANCELLED AT 2024-07-09T14:52:04 ***
slurmstepd: error: *** JOB 4201937 ON c38 CANCELLED AT 2024-07-09T14:52:03 ***
srun: error: c37: task 0: Terminated
slurmstepd: error: *** STEP 4201986.0 ON c38 CANCELLED AT 2024-07-09T14:52:04 ***
srun: Job step aborted: Waiting up to 32 seconds for job step to finish.
slurmstepd: error: *** JOB 4201941 ON c38 CANCELLED AT 2024-07-09T14:52:02 ***
srun: error: c37: task 0: Terminated
slurmstepd: error: *** STEP 4201945.0 ON c38 CANCELLED AT 2024-07-09T14:52:03 ***
slurmstepd: error: *** JOB 4201883 ON c37 CANCELLED AT 2024-07-09T14:52:01 ***
srun: Job step aborted: Waiting up to 32 seconds for job step to finish.
slurmstepd: error: *** JOB 4201981 ON c38 CANCELLED AT 2024-07-09T14:52:04 ***
slurmstepd: error: *** JOB 4201949 ON c38 CANCELLED AT 2024-07-09T14:52:03 ***
srun: error: c37: task 0: Terminated
srun: Job step aborted: Waiting up to 32 seconds for job step to finish.
slurmstepd: error: *** JOB 4201881 ON c37 CANCELLED AT 2024-07-09T14:52:01 ***
slurmstepd: error: *** STEP 4201975.0 ON c38 CANCELLED AT 2024-07-09T14:52:03 ***
srun: Job step aborted: Waiting up to 32 seconds for job step to finish.
slurmstepd: error: *** STEP 4201860.0 ON c37 CANCELLED AT 2024-07-09T14:52:01 ***
srun: Job step aborted: Waiting up to 32 seconds for job step to finish.
slurmstepd: error: *** STEP 4201976.0 ON c38 CANCELLED AT 2024-07-09T14:52:03 ***
slurmstepd: error: *** JOB 4201986 ON c38 CANCELLED AT 2024-07-09T14:52:04 ***
srun: error: c38: task 0: Terminated
slurmstepd: error: *** STEP 4201965.0 ON c38 CANCELLED AT 2024-07-09T14:52:03 ***
srun: error: c37: task 0: Terminated
srun: Job step aborted: Waiting up to 32 seconds for job step to finish.
slurmstepd: error: *** STEP 4201942.0 ON c38 CANCELLED AT 2024-07-09T14:52:02 ***
srun: Job step aborted: Waiting up to 32 seconds for job step to finish.
slurmstepd: error: *** JOB 4201860 ON c37 CANCELLED AT 2024-07-09T14:52:01 ***
srun: error: c38: task 0: Terminated
slurmstepd: error: *** JOB 4201976 ON c38 CANCELLED AT 2024-07-09T14:52:03 ***
srun: Job step aborted: Waiting up to 32 seconds for job step to finish.
srun: error: c37: task 0: Terminated
srun: error: c37: task 0: Terminated
srun: Job step aborted: Waiting up to 32 seconds for job step to finish.
srun: Job step aborted: Waiting up to 32 seconds for job step to finish.
srun: Job step aborted: Waiting up to 32 seconds for job step to finish.
srun: error: c37: task 0: Terminated
srun: error: c38: task 0: Terminated
slurmstepd: error: *** STEP 4201946.0 ON c38 CANCELLED AT 2024-07-09T14:52:03 ***
srun: error: c38: task 0: Terminated
slurmstepd: error: *** STEP 4201956.0 ON c38 CANCELLED AT 2024-07-09T14:52:03 ***
srun: error: c37: task 0: Terminated
srun: error: c38: task 0: Terminated
srun: Job step aborted: Waiting up to 32 seconds for job step to finish.
slurmstepd: error: *** JOB 4201902 ON c37 CANCELLED AT 2024-07-09T14:52:01 ***
srun: Job step aborted: Waiting up to 32 seconds for job step to finish.
slurmstepd: error: *** STEP 4201953.0 ON c38 CANCELLED AT 2024-07-09T14:52:03 ***
slurmstepd: error: *** JOB 4201900 ON c37 CANCELLED AT 2024-07-09T14:52:01 ***
slurmstepd: error: *** STEP 4201915.0 ON c37 CANCELLED AT 2024-07-09T14:52:02 ***
srun: error: c37: task 0: Terminated
srun: error: c38: task 0: Terminated
srun: Job step aborted: Waiting up to 32 seconds for job step to finish.
slurmstepd: error: *** JOB 4201915 ON c37 CANCELLED AT 2024-07-09T14:52:02 ***
srun: Job step aborted: Waiting up to 32 seconds for job step to finish.
srun: Job step aborted: Waiting up to 32 seconds for job step to finish.
srun: Job step aborted: Waiting up to 32 seconds for job step to finish.
srun: error: c37: task 0: Terminated
srun: Job step aborted: Waiting up to 32 seconds for job step to finish.
srun: error: c37: task 0: Terminated
slurmstepd: error: *** STEP 4201961.0 ON c38 CANCELLED AT 2024-07-09T14:52:03 ***
srun: error: c37: task 0: Terminated
slurmstepd: error: *** JOB 4201932 ON c38 CANCELLED AT 2024-07-09T14:52:02 ***
slurmstepd: error: *** STEP 4201993.0 ON c38 CANCELLED AT 2024-07-09T14:52:05 ***
srun: error: c37: task 0: Terminated
srun: error: c37: task 0: Terminated
srun: error: c37: task 0: Terminated
slurmstepd: error: *** STEP 4201982.0 ON c38 CANCELLED AT 2024-07-09T14:52:03 ***
srun: error: c37: task 0: Terminated
slurmstepd: error: *** JOB 4201965 ON c38 CANCELLED AT 2024-07-09T14:52:03 ***
slurmstepd: error: *** STEP 4201906.0 ON c37 CANCELLED AT 2024-07-09T14:52:02 ***
srun: Job step aborted: Waiting up to 32 seconds for job step to finish.
srun: error: c37: task 0: Terminated
slurmstepd: error: *** STEP 4201936.0 ON c38 CANCELLED AT 2024-07-09T14:52:02 ***
srun: Job step aborted: Waiting up to 32 seconds for job step to finish.
slurmstepd: error: *** JOB 4201906 ON c37 CANCELLED AT 2024-07-09T14:52:02 ***
slurmstepd: error: *** STEP 4201972.0 ON c38 CANCELLED AT 2024-07-09T14:52:03 ***
slurmstepd: error: *** STEP 4201960.0 ON c38 CANCELLED AT 2024-07-09T14:52:03 ***
slurmstepd: error: *** STEP 4201955.0 ON c38 CANCELLED AT 2024-07-09T14:52:03 ***
srun: Job step aborted: Waiting up to 32 seconds for job step to finish.
srun: Job step aborted: Waiting up to 32 seconds for job step to finish.
srun: error: c37: task 0: Terminated
slurmstepd: error: *** STEP 4201903.0 ON c37 CANCELLED AT 2024-07-09T14:52:01 ***
srun: Job step aborted: Waiting up to 32 seconds for job step to finish.
srun: error: c38: task 0: Terminated
slurmstepd: error: *** STEP 4201973.0 ON c38 CANCELLED AT 2024-07-09T14:52:03 ***
slurmstepd: error: *** JOB 4201869 ON c37 CANCELLED AT 2024-07-09T14:52:01 ***
slurmstepd: error: *** JOB 4201953 ON c38 CANCELLED AT 2024-07-09T14:52:03 ***
slurmstepd: error: *** STEP 4201952.0 ON c38 CANCELLED AT 2024-07-09T14:52:03 ***
srun: error: c37: task 0: Terminated
slurmstepd: error: *** STEP 4201970.0 ON c38 CANCELLED AT 2024-07-09T14:52:03 ***
slurmstepd: error: *** JOB 4201958 ON c38 CANCELLED AT 2024-07-09T14:52:03 ***
slurmstepd: error: *** STEP 4201968.0 ON c38 CANCELLED AT 2024-07-09T14:52:03 ***
slurmstepd: error: *** JOB 4201945 ON c38 CANCELLED AT 2024-07-09T14:52:03 ***
srun: Job step aborted: Waiting up to 32 seconds for job step to finish.
slurmstepd: error: *** JOB 4201980 ON c38 CANCELLED AT 2024-07-09T14:52:04 ***
srun: error: c37: task 0: Terminated
slurmstepd: error: *** STEP 4201979.0 ON c38 CANCELLED AT 2024-07-09T14:52:04 ***
srun: Job step aborted: Waiting up to 32 seconds for job step to finish.
slurmstepd: error: *** JOB 4201956 ON c38 CANCELLED AT 2024-07-09T14:52:03 ***
srun: Job step aborted: Waiting up to 32 seconds for job step to finish.
srun: error: c38: task 0: Terminated
slurmstepd: error: *** JOB 4201903 ON c37 CANCELLED AT 2024-07-09T14:52:01 ***
srun: Job step aborted: Waiting up to 32 seconds for job step to finish.
srun: Job step aborted: Waiting up to 32 seconds for job step to finish.
srun: Job step aborted: Waiting up to 32 seconds for job step to finish.
slurmstepd: error: *** STEP 4202018.0 ON c20 CANCELLED AT 2024-07-09T14:52:06 ***
srun: Job step aborted: Waiting up to 32 seconds for job step to finish.
slurmstepd: error: *** STEP 4201978.0 ON c38 CANCELLED AT 2024-07-09T14:52:03 ***
srun: error: c37: task 0: Terminated
srun: Job step aborted: Waiting up to 32 seconds for job step to finish.
slurmstepd: error: *** STEP 4202021.0 ON c20 CANCELLED AT 2024-07-09T14:52:06 ***
slurmstepd: error: *** STEP 4202022.0 ON c20 CANCELLED AT 2024-07-09T14:52:06 ***
srun: error: c38: task 0: Terminated
srun: Job step aborted: Waiting up to 32 seconds for job step to finish.
srun: Job step aborted: Waiting up to 32 seconds for job step to finish.
srun: Job step aborted: Waiting up to 32 seconds for job step to finish.
slurmstepd: error: *** STEP 4202019.0 ON c20 CANCELLED AT 2024-07-09T14:52:06 ***
slurmstepd: error: *** JOB 4202018 ON c20 CANCELLED AT 2024-07-09T14:52:06 ***
slurmstepd: error: *** JOB 4202021 ON c20 CANCELLED AT 2024-07-09T14:52:06 ***
slurmstepd: error: *** JOB 4201955 ON c38 CANCELLED AT 2024-07-09T14:52:03 ***
slurmstepd: error: *** JOB 4201963 ON c38 CANCELLED AT 2024-07-09T14:52:03 ***
slurmstepd: error: *** JOB 4201946 ON c38 CANCELLED AT 2024-07-09T14:52:03 ***
srun: Job step aborted: Waiting up to 32 seconds for job step to finish.
slurmstepd: error: *** STEP 4201971.0 ON c38 CANCELLED AT 2024-07-09T14:52:03 ***
srun: Job step aborted: Waiting up to 32 seconds for job step to finish.
srun: Job step aborted: Waiting up to 32 seconds for job step to finish.
srun: error: c20: task 0: Terminated
srun: Job step aborted: Waiting up to 32 seconds for job step to finish.
slurmstepd: error: *** JOB 4202019 ON c20 CANCELLED AT 2024-07-09T14:52:06 ***
slurmstepd: error: *** STEP 4201951.0 ON c38 CANCELLED AT 2024-07-09T14:52:03 ***
srun: Job step aborted: Waiting up to 32 seconds for job step to finish.
slurmstepd: error: *** STEP 4202023.0 ON c20 CANCELLED AT 2024-07-09T14:52:06 ***
srun: Job step aborted: Waiting up to 32 seconds for job step to finish.
slurmstepd: error: *** JOB 4202023 ON c20 CANCELLED AT 2024-07-09T14:52:06 ***
srun: Job step aborted: Waiting up to 32 seconds for job step to finish.
srun: Job step aborted: Waiting up to 32 seconds for job step to finish.
srun: error: c20: task 0: Terminated
srun: error: c20: task 0: Terminated
slurmstepd: error: *** STEP 4202030.0 ON c20 CANCELLED AT 2024-07-09T14:52:06 ***
srun: Job step aborted: Waiting up to 32 seconds for job step to finish.
slurmstepd: error: *** STEP 4202025.0 ON c20 CANCELLED AT 2024-07-09T14:52:06 ***
slurmstepd: error: *** JOB 4201960 ON c38 CANCELLED AT 2024-07-09T14:52:03 ***
slurmstepd: error: *** JOB 4202030 ON c20 CANCELLED AT 2024-07-09T14:52:06 ***
slurmstepd: error: *** STEP 4202026.0 ON c20 CANCELLED AT 2024-07-09T14:52:06 ***
slurmstepd: error: *** STEP 4202024.0 ON c20 CANCELLED AT 2024-07-09T14:52:06 ***
slurmstepd: error: *** JOB 4202026 ON c20 CANCELLED AT 2024-07-09T14:52:06 ***
slurmstepd: error: *** JOB 4202024 ON c20 CANCELLED AT 2024-07-09T14:52:06 ***
slurmstepd: error: *** JOB 4201972 ON c38 CANCELLED AT 2024-07-09T14:52:04 ***
slurmstepd: error: *** STEP 4201962.0 ON c38 CANCELLED AT 2024-07-09T14:52:03 ***
slurmstepd: error: *** STEP 4201964.0 ON c38 CANCELLED AT 2024-07-09T14:52:03 ***
slurmstepd: error: *** JOB 4202022 ON c20 CANCELLED AT 2024-07-09T14:52:06 ***
slurmstepd: error: *** JOB 4201973 ON c38 CANCELLED AT 2024-07-09T14:52:03 ***
srun: Job step aborted: Waiting up to 32 seconds for job step to finish.
slurmstepd: error: *** STEP 4202029.0 ON c20 CANCELLED AT 2024-07-09T14:52:06 ***
srun: error: c20: task 0: Terminated
slurmstepd: error: *** STEP 4202016.0 ON c20 CANCELLED AT 2024-07-09T14:52:06 ***
slurmstepd: error: *** STEP 4201983.0 ON c38 CANCELLED AT 2024-07-09T14:52:04 ***
srun: Job step aborted: Waiting up to 32 seconds for job step to finish.
srun: Job step aborted: Waiting up to 32 seconds for job step to finish.
srun: Job step aborted: Waiting up to 32 seconds for job step to finish.
srun: Job step aborted: Waiting up to 32 seconds for job step to finish.
srun: Job step aborted: Waiting up to 32 seconds for job step to finish.
srun: Job step aborted: Waiting up to 32 seconds for job step to finish.
srun: error: c38: task 0: Terminated
slurmstepd: error: *** STEP 4201991.0 ON c38 CANCELLED AT 2024-07-09T14:52:05 ***
srun: error: c38: task 0: Terminated
srun: Job step aborted: Waiting up to 32 seconds for job step to finish.
srun: error: c20: task 0: Terminated
srun: Job step aborted: Waiting up to 32 seconds for job step to finish.
slurmstepd: error: *** STEP 4202049.0 ON c21 CANCELLED AT 2024-07-09T14:52:07 ***
slurmstepd: error: *** STEP 4202052.0 ON c21 CANCELLED AT 2024-07-09T14:52:07 ***
slurmstepd: error: *** JOB 4202049 ON c21 CANCELLED AT 2024-07-09T14:52:07 ***
slurmstepd: error: *** JOB 4202052 ON c21 CANCELLED AT 2024-07-09T14:52:07 ***
slurmstepd: error: *** JOB 4201968 ON c38 CANCELLED AT 2024-07-09T14:52:03 ***
srun: Job step aborted: Waiting up to 32 seconds for job step to finish.
srun: error: c20: task 0: Terminated
srun: error: c21: task 0: Terminated
srun: Job step aborted: Waiting up to 32 seconds for job step to finish.
srun: error: c21: task 0: Terminated
srun: Job step aborted: Waiting up to 32 seconds for job step to finish.
srun: error: c38: task 0: Terminated
slurmstepd: error: *** STEP 4202028.0 ON c20 CANCELLED AT 2024-07-09T14:52:06 ***
slurmstepd: error: *** STEP 4201954.0 ON c38 CANCELLED AT 2024-07-09T14:52:03 ***
slurmstepd: error: *** STEP 4201974.0 ON c38 CANCELLED AT 2024-07-09T14:52:03 ***
srun: Job step aborted: Waiting up to 32 seconds for job step to finish.
srun: Job step aborted: Waiting up to 32 seconds for job step to finish.
slurmstepd: error: *** STEP 4202051.0 ON c21 CANCELLED AT 2024-07-09T14:52:07 ***
slurmstepd: error: *** JOB 4202028 ON c20 CANCELLED AT 2024-07-09T14:52:06 ***
slurmstepd: error: *** JOB 4202025 ON c20 CANCELLED AT 2024-07-09T14:52:06 ***
srun: Job step aborted: Waiting up to 32 seconds for job step to finish.
srun: Job step aborted: Waiting up to 32 seconds for job step to finish.
srun: Job step aborted: Waiting up to 32 seconds for job step to finish.
slurmstepd: error: *** JOB 4202051 ON c21 CANCELLED AT 2024-07-09T14:52:07 ***
slurmstepd: error: *** STEP 4202050.0 ON c21 CANCELLED AT 2024-07-09T14:52:07 ***
srun: Job step aborted: Waiting up to 32 seconds for job step to finish.
srun: Job step aborted: Waiting up to 32 seconds for job step to finish.
srun: error: c38: task 0: Terminated
srun: error: c21: task 0: Terminated
srun: Job step aborted: Waiting up to 32 seconds for job step to finish.
slurmstepd: error: *** JOB 4202016 ON c20 CANCELLED AT 2024-07-09T14:52:06 ***
srun: Job step aborted: Waiting up to 32 seconds for job step to finish.
srun: error: c20: task 0: Terminated
srun: Job step aborted: Waiting up to 32 seconds for job step to finish.
srun: Job step aborted: Waiting up to 32 seconds for job step to finish.
slurmstepd: error: *** JOB 4201970 ON c38 CANCELLED AT 2024-07-09T14:52:03 ***
srun: error: c38: task 0: Terminated
slurmstepd: error: *** STEP 4201995.0 ON c38 CANCELLED AT 2024-07-09T14:52:05 ***
slurmstepd: error: *** STEP 4201987.0 ON c38 CANCELLED AT 2024-07-09T14:52:04 ***
srun: error: c38: task 0: Terminated
slurmstepd: error: *** JOB 4201975 ON c38 CANCELLED AT 2024-07-09T14:52:03 ***
srun: error: c38: task 0: Terminated
slurmstepd: error: *** STEP 4202056.0 ON c21 CANCELLED AT 2024-07-09T14:52:07 ***
srun: Job step aborted: Waiting up to 32 seconds for job step to finish.
slurmstepd: error: *** JOB 4202056 ON c21 CANCELLED AT 2024-07-09T14:52:07 ***
slurmstepd: error: *** STEP 4202027.0 ON c20 CANCELLED AT 2024-07-09T14:52:06 ***
slurmstepd: error: *** JOB 4201942 ON c38 CANCELLED AT 2024-07-09T14:52:03 ***
slurmstepd: error: *** STEP 4201990.0 ON c38 CANCELLED AT 2024-07-09T14:52:05 ***
srun: error: c38: task 0: Terminated
srun: error: c21: task 0: Terminated
srun: Job step aborted: Waiting up to 32 seconds for job step to finish.
slurmstepd: error: *** JOB 4201962 ON c38 CANCELLED AT 2024-07-09T14:52:03 ***
srun: error: c38: task 0: Terminated
slurmstepd: error: *** JOB 4201983 ON c38 CANCELLED AT 2024-07-09T14:52:04 ***
slurmstepd: error: *** STEP 4202054.0 ON c21 CANCELLED AT 2024-07-09T14:52:07 ***
slurmstepd: error: *** STEP 4202059.0 ON c21 CANCELLED AT 2024-07-09T14:52:07 ***
slurmstepd: error: *** JOB 4202054 ON c21 CANCELLED AT 2024-07-09T14:52:07 ***
slurmstepd: error: *** JOB 4202050 ON c21 CANCELLED AT 2024-07-09T14:52:07 ***
slurmstepd: error: *** JOB 4202059 ON c21 CANCELLED AT 2024-07-09T14:52:07 ***
srun: Job step aborted: Waiting up to 32 seconds for job step to finish.
srun: error: c21: task 0: Terminated
slurmstepd: error: *** STEP 4202055.0 ON c21 CANCELLED AT 2024-07-09T14:52:07 ***
slurmstepd: error: *** JOB 4202055 ON c21 CANCELLED AT 2024-07-09T14:52:07 ***
srun: error: c21: task 0: Terminated
slurmstepd: error: *** STEP 4202043.0 ON c20 CANCELLED AT 2024-07-09T14:52:07 ***
slurmstepd: error: *** JOB 4202027 ON c20 CANCELLED AT 2024-07-09T14:52:06 ***
slurmstepd: error: *** STEP 4202033.0 ON c20 CANCELLED AT 2024-07-09T14:52:06 ***
srun: error: c20: task 0: Terminated
slurmstepd: error: *** STEP 4201992.0 ON c38 CANCELLED AT 2024-07-09T14:52:05 ***
slurmstepd: error: *** JOB 4201971 ON c38 CANCELLED AT 2024-07-09T14:52:03 ***
srun: Job step aborted: Waiting up to 32 seconds for job step to finish.
slurmstepd: error: *** STEP 4201984.0 ON c38 CANCELLED AT 2024-07-09T14:52:05 ***
srun: error: c21: task 0: Terminated
srun: error: c21: task 0: Terminated
slurmstepd: error: *** JOB 4202033 ON c20 CANCELLED AT 2024-07-09T14:52:06 ***
slurmstepd: error: *** STEP 4201934.0 ON c38 CANCELLED AT 2024-07-09T14:52:03 ***
srun: Job step aborted: Waiting up to 32 seconds for job step to finish.
srun: error: c38: task 0: Terminated
slurmstepd: error: *** STEP 4202000.0 ON c38 CANCELLED AT 2024-07-09T14:52:05 ***
srun: error: c20: task 0: Terminated
slurmstepd: error: *** STEP 4202005.0 ON c38 CANCELLED AT 2024-07-09T14:52:05 ***
srun: Job step aborted: Waiting up to 32 seconds for job step to finish.
slurmstepd: error: *** STEP 4202017.0 ON c20 CANCELLED AT 2024-07-09T14:52:07 ***
srun: Job step aborted: Waiting up to 32 seconds for job step to finish.
srun: Job step aborted: Waiting up to 32 seconds for job step to finish.
slurmstepd: error: *** JOB 4201979 ON c38 CANCELLED AT 2024-07-09T14:52:04 ***
srun: Job step aborted: Waiting up to 32 seconds for job step to finish.
slurmstepd: error: *** STEP 4201967.0 ON c38 CANCELLED AT 2024-07-09T14:52:05 ***
slurmstepd: error: *** STEP 4201977.0 ON c38 CANCELLED AT 2024-07-09T14:52:04 ***
srun: Job step aborted: Waiting up to 32 seconds for job step to finish.
slurmstepd: error: *** JOB 4201964 ON c38 CANCELLED AT 2024-07-09T14:52:03 ***
srun: error: c38: task 0: Terminated
slurmstepd: error: *** STEP 4202011.0 ON c38 CANCELLED AT 2024-07-09T14:52:06 ***
slurmstepd: error: *** JOB 4202017 ON c20 CANCELLED AT 2024-07-09T14:52:07 ***
slurmstepd: error: *** STEP 4202035.0 ON c20 CANCELLED AT 2024-07-09T14:52:07 ***
slurmstepd: error: *** STEP 4202048.0 ON c21 CANCELLED AT 2024-07-09T14:52:07 ***
srun: Job step aborted: Waiting up to 32 seconds for job step to finish.
slurmstepd: error: *** JOB 4202048 ON c21 CANCELLED AT 2024-07-09T14:52:07 ***
slurmstepd: error: *** STEP 4202053.0 ON c21 CANCELLED AT 2024-07-09T14:52:07 ***
slurmstepd: error: *** STEP 4202058.0 ON c21 CANCELLED AT 2024-07-09T14:52:07 ***
slurmstepd: error: *** JOB 4202053 ON c21 CANCELLED AT 2024-07-09T14:52:07 ***
slurmstepd: error: *** JOB 4202058 ON c21 CANCELLED AT 2024-07-09T14:52:07 ***
srun: error: c38: task 0: Terminated
slurmstepd: error: *** JOB 4201995 ON c38 CANCELLED AT 2024-07-09T14:52:05 ***
srun: error: c38: task 0: Terminated
srun: Job step aborted: Waiting up to 32 seconds for job step to finish.
slurmstepd: error: *** STEP 4201998.0 ON c38 CANCELLED AT 2024-07-09T14:52:05 ***
slurmstepd: error: *** JOB 4201987 ON c38 CANCELLED AT 2024-07-09T14:52:04 ***
slurmstepd: error: *** JOB 4201991 ON c38 CANCELLED AT 2024-07-09T14:52:05 ***
slurmstepd: error: *** STEP 4202031.0 ON c20 CANCELLED AT 2024-07-09T14:52:06 ***
slurmstepd: error: *** STEP 4202020.0 ON c20 CANCELLED AT 2024-07-09T14:52:06 ***
slurmstepd: error: *** STEP 4202045.0 ON c20 CANCELLED AT 2024-07-09T14:52:07 ***
srun: error: c21: task 0: Terminated
srun: error: c21: task 0: Terminated
slurmstepd: error: *** STEP 4201966.0 ON c38 CANCELLED AT 2024-07-09T14:52:03 ***
slurmstepd: error: *** JOB 4201951 ON c38 CANCELLED AT 2024-07-09T14:52:03 ***
srun: Job step aborted: Waiting up to 32 seconds for job step to finish.
srun: error: c20: task 0: Terminated
srun: error: c21: task 0: Terminated
srun: Job step aborted: Waiting up to 32 seconds for job step to finish.
slurmstepd: error: *** JOB 4201954 ON c38 CANCELLED AT 2024-07-09T14:52:03 ***
slurmstepd: error: *** JOB 4201961 ON c38 CANCELLED AT 2024-07-09T14:52:03 ***
srun: error: c38: task 0: Terminated
slurmstepd: error: *** STEP 4201892.0 ON c37 CANCELLED AT 2024-07-09T14:52:07 ***
slurmstepd: error: *** JOB 4202020 ON c20 CANCELLED AT 2024-07-09T14:52:06 ***
srun: Job step aborted: Waiting up to 32 seconds for job step to finish.
srun: error: c38: task 0: Terminated
srun: Job step aborted: Waiting up to 32 seconds for job step to finish.
srun: Job step aborted: Waiting up to 32 seconds for job step to finish.
slurmstepd: error: *** STEP 4202057.0 ON c21 CANCELLED AT 2024-07-09T14:52:07 ***
srun: error: c38: task 0: Terminated
slurmstepd: error: *** STEP 4201870.0 ON c37 CANCELLED AT 2024-07-09T14:52:07 ***
srun: error: c20: task 0: Terminated
slurmstepd: error: *** JOB 4202057 ON c21 CANCELLED AT 2024-07-09T14:52:07 ***
slurmstepd: error: *** JOB 4201967 ON c38 CANCELLED AT 2024-07-09T14:52:05 ***
srun: error: c38: task 0: Terminated
srun: Job step aborted: Waiting up to 32 seconds for job step to finish.
srun: error: c38: task 0: Terminated
srun: error: c38: task 0: Terminated
slurmstepd: error: *** JOB 4201993 ON c38 CANCELLED AT 2024-07-09T14:52:05 ***
slurmstepd: error: *** STEP 4201988.0 ON c38 CANCELLED AT 2024-07-09T14:52:05 ***
slurmstepd: error: *** JOB 4201870 ON c37 CANCELLED AT 2024-07-09T14:52:07 ***
slurmstepd: error: *** JOB 4202031 ON c20 CANCELLED AT 2024-07-09T14:52:06 ***
srun: error: c21: task 0: Terminated
slurmstepd: error: *** STEP 4201996.0 ON c38 CANCELLED AT 2024-07-09T14:52:06 ***
slurmstepd: error: *** JOB 4201984 ON c38 CANCELLED AT 2024-07-09T14:52:05 ***
slurmstepd: error: *** STEP 4202006.0 ON c38 CANCELLED AT 2024-07-09T14:52:05 ***
srun: error: c38: task 0: Terminated
slurmstepd: error: *** JOB 4201892 ON c37 CANCELLED AT 2024-07-09T14:52:07 ***
slurmstepd: error: *** JOB 4202035 ON c20 CANCELLED AT 2024-07-09T14:52:07 ***
srun: error: c38: task 0: Terminated
srun: error: c38: task 0: Terminated
slurmstepd: error: *** JOB 4201992 ON c38 CANCELLED AT 2024-07-09T14:52:05 ***
srun: error: c37: task 0: Terminated
srun: Job step aborted: Waiting up to 32 seconds for job step to finish.
srun: error: c20: task 0: Terminated
slurmstepd: error: *** STEP 4202047.0 ON c20 CANCELLED AT 2024-07-09T14:52:07 ***
srun: Job step aborted: Waiting up to 32 seconds for job step to finish.
srun: error: c38: task 0: Terminated
slurmstepd: error: *** STEP 4201994.0 ON c38 CANCELLED AT 2024-07-09T14:52:05 ***
slurmstepd: error: *** STEP 4202001.0 ON c38 CANCELLED AT 2024-07-09T14:52:05 ***
srun: error: c37: task 0: Terminated
srun: Job step aborted: Waiting up to 32 seconds for job step to finish.
srun: Job step aborted: Waiting up to 32 seconds for job step to finish.
slurmstepd: error: *** JOB 4201936 ON c38 CANCELLED AT 2024-07-09T14:52:02 ***
slurmstepd: error: *** STEP 4202036.0 ON c20 CANCELLED AT 2024-07-09T14:52:06 ***
srun: Job step aborted: Waiting up to 32 seconds for job step to finish.
slurmstepd: error: *** JOB 4202043 ON c20 CANCELLED AT 2024-07-09T14:52:07 ***
srun: error: c38: task 0: Terminated
srun: Job step aborted: Waiting up to 32 seconds for job step to finish.
srun: Job step aborted: Waiting up to 32 seconds for job step to finish.
srun: error: c38: task 0: Terminated
slurmstepd: error: *** STEP 4201989.0 ON c38 CANCELLED AT 2024-07-09T14:52:05 ***
slurmstepd: error: *** JOB 4202036 ON c20 CANCELLED AT 2024-07-09T14:52:06 ***
slurmstepd: error: *** JOB 4202011 ON c38 CANCELLED AT 2024-07-09T14:52:06 ***
slurmstepd: error: *** JOB 4201966 ON c38 CANCELLED AT 2024-07-09T14:52:03 ***
slurmstepd: error: *** STEP 4202012.0 ON c38 CANCELLED AT 2024-07-09T14:52:06 ***
slurmstepd: error: *** STEP 4202004.0 ON c38 CANCELLED AT 2024-07-09T14:52:06 ***
slurmstepd: error: *** STEP 4201969.0 ON c38 CANCELLED AT 2024-07-09T14:52:03 ***
slurmstepd: error: *** JOB 4202005 ON c38 CANCELLED AT 2024-07-09T14:52:06 ***
slurmstepd: error: *** JOB 4202045 ON c20 CANCELLED AT 2024-07-09T14:52:07 ***
slurmstepd: error: *** STEP 4202002.0 ON c38 CANCELLED AT 2024-07-09T14:52:05 ***
slurmstepd: error: *** STEP 4202046.0 ON c20 CANCELLED AT 2024-07-09T14:52:07 ***
slurmstepd: error: *** JOB 4202004 ON c38 CANCELLED AT 2024-07-09T14:52:06 ***
slurmstepd: error: *** STEP 4202038.0 ON c20 CANCELLED AT 2024-07-09T14:52:06 ***
slurmstepd: error: *** JOB 4201998 ON c38 CANCELLED AT 2024-07-09T14:52:05 ***
srun: error: c20: task 0: Terminated
slurmstepd: error: *** STEP 4202009.0 ON c38 CANCELLED AT 2024-07-09T14:52:05 ***
srun: error: c38: task 0: Terminated
slurmstepd: error: *** JOB 4201990 ON c38 CANCELLED AT 2024-07-09T14:52:05 ***
srun: error: c20: task 0: Terminated
slurmstepd: error: *** JOB 4202006 ON c38 CANCELLED AT 2024-07-09T14:52:05 ***
srun: error: c38: task 0: Terminated
slurmstepd: error: *** JOB 4202012 ON c38 CANCELLED AT 2024-07-09T14:52:06 ***
srun: Job step aborted: Waiting up to 32 seconds for job step to finish.
slurmstepd: error: *** STEP 4202044.0 ON c20 CANCELLED AT 2024-07-09T14:52:07 ***
slurmstepd: error: *** JOB 4201989 ON c38 CANCELLED AT 2024-07-09T14:52:05 ***
slurmstepd: error: *** JOB 4202029 ON c20 CANCELLED AT 2024-07-09T14:52:06 ***
srun: error: c20: task 0: Terminated
slurmstepd: error: *** STEP 4201957.0 ON c38 CANCELLED AT 2024-07-09T14:52:03 ***
slurmstepd: error: *** STEP 4202040.0 ON c20 CANCELLED AT 2024-07-09T14:52:06 ***
srun: error: c38: task 0: Terminated
slurmstepd: error: *** JOB 4202047 ON c20 CANCELLED AT 2024-07-09T14:52:07 ***
slurmstepd: error: *** STEP 4202008.0 ON c38 CANCELLED AT 2024-07-09T14:52:06 ***
slurmstepd: error: *** STEP 4202013.0 ON c38 CANCELLED AT 2024-07-09T14:52:06 ***
srun: error: c38: task 0: Terminated
slurmstepd: error: *** JOB 4202040 ON c20 CANCELLED AT 2024-07-09T14:52:07 ***
slurmstepd: error: *** STEP 4202007.0 ON c38 CANCELLED AT 2024-07-09T14:52:05 ***
srun: error: c38: task 0: Terminated
slurmstepd: error: *** JOB 4202046 ON c20 CANCELLED AT 2024-07-09T14:52:07 ***
slurmstepd: error: *** JOB 4201994 ON c38 CANCELLED AT 2024-07-09T14:52:05 ***
srun: error: c20: task 0: Terminated
srun: error: c20: task 0: Terminated
slurmstepd: error: *** JOB 4202002 ON c38 CANCELLED AT 2024-07-09T14:52:05 ***
srun: error: c20: task 0: Terminated
slurmstepd: error: *** JOB 4202009 ON c38 CANCELLED AT 2024-07-09T14:52:05 ***
slurmstepd: error: *** JOB 4202044 ON c20 CANCELLED AT 2024-07-09T14:52:07 ***
srun: error: c38: task 0: Terminated
slurmstepd: error: *** STEP 4202037.0 ON c20 CANCELLED AT 2024-07-09T14:52:07 ***
srun: error: c38: task 0: Terminated
slurmstepd: error: *** JOB 4202038 ON c20 CANCELLED AT 2024-07-09T14:52:06 ***
srun: error: c38: task 0: Terminated
srun: error: c38: task 0: Terminated
slurmstepd: error: *** JOB 4201957 ON c38 CANCELLED AT 2024-07-09T14:52:03 ***
slurmstepd: error: *** JOB 4201988 ON c38 CANCELLED AT 2024-07-09T14:52:05 ***
slurmstepd: error: *** STEP 4202039.0 ON c20 CANCELLED AT 2024-07-09T14:52:07 ***
srun: error: c38: task 0: Terminated
slurmstepd: error: *** JOB 4201978 ON c38 CANCELLED AT 2024-07-09T14:52:04 ***
srun: error: c38: task 0: Terminated
srun: error: c20: task 0: Terminated
srun: error: c38: task 0: Terminated
slurmstepd: error: *** JOB 4201982 ON c38 CANCELLED AT 2024-07-09T14:52:03 ***
slurmstepd: error: *** JOB 4202000 ON c38 CANCELLED AT 2024-07-09T14:52:05 ***
srun: error: c38: task 0: Terminated
slurmstepd: error: *** STEP 4201944.0 ON c38 CANCELLED AT 2024-07-09T14:52:07 ***
slurmstepd: error: *** JOB 4201969 ON c38 CANCELLED AT 2024-07-09T14:52:03 ***
srun: error: c38: task 0: Terminated
slurmstepd: error: *** JOB 4201996 ON c38 CANCELLED AT 2024-07-09T14:52:06 ***
srun: error: c20: task 0: Terminated
srun: error: c38: task 0: Terminated
srun: error: c38: task 0: Terminated
srun: error: c38: task 0: Terminated
slurmstepd: error: *** JOB 4202039 ON c20 CANCELLED AT 2024-07-09T14:52:07 ***
srun: error: c20: task 0: Terminated
slurmstepd: error: *** STEP 4201950.0 ON c38 CANCELLED AT 2024-07-09T14:52:03 ***
slurmstepd: error: *** JOB 4201934 ON c38 CANCELLED AT 2024-07-09T14:52:03 ***
slurmstepd: error: *** JOB 4202007 ON c38 CANCELLED AT 2024-07-09T14:52:05 ***
srun: error: c20: task 0: Terminated
srun: error: c38: task 0: Terminated
srun: Job step aborted: Waiting up to 32 seconds for job step to finish.
slurmstepd: error: *** JOB 4201944 ON c38 CANCELLED AT 2024-07-09T14:52:07 ***
slurmstepd: error: *** JOB 4201974 ON c38 CANCELLED AT 2024-07-09T14:52:04 ***
srun: Job step aborted: Waiting up to 32 seconds for job step to finish.
srun: error: c38: task 0: Terminated
srun: error: c38: task 0: Terminated
srun: error: c38: task 0: Terminated
srun: error: c20: task 0: Terminated
srun: error: c38: task 0: Terminated
srun: Job step aborted: Waiting up to 32 seconds for job step to finish.
slurmstepd: error: *** JOB 4201952 ON c38 CANCELLED AT 2024-07-09T14:52:03 ***
srun: error: c38: task 0: Terminated
slurmstepd: error: *** JOB 4202001 ON c38 CANCELLED AT 2024-07-09T14:52:06 ***
slurmstepd: error: *** STEP 4202042.0 ON c20 CANCELLED AT 2024-07-09T14:52:07 ***
slurmstepd: error: *** JOB 4202013 ON c38 CANCELLED AT 2024-07-09T14:52:06 ***
srun: error: c38: task 0: Terminated
srun: error: c20: task 0: Terminated
srun: Job step aborted: Waiting up to 32 seconds for job step to finish.
srun: error: c38: task 0: Terminated
srun: error: c38: task 0: Terminated
srun: error: c20: task 0: Terminated
slurmstepd: error: *** STEP 4202010.0 ON c38 CANCELLED AT 2024-07-09T14:52:06 ***
slurmstepd: error: *** JOB 4202037 ON c20 CANCELLED AT 2024-07-09T14:52:07 ***
srun: error: c38: task 0: Terminated
srun: error: c38: task 0: Terminated
slurmstepd: error: *** STEP 4202003.0 ON c38 CANCELLED AT 2024-07-09T14:52:06 ***
srun: error: c38: task 0: Terminated
slurmstepd: error: *** JOB 4202042 ON c20 CANCELLED AT 2024-07-09T14:52:07 ***
srun: error: c20: task 0: Terminated
slurmstepd: error: *** STEP 4202034.0 ON c20 CANCELLED AT 2024-07-09T14:52:06 ***
slurmstepd: error: *** STEP 4202032.0 ON c20 CANCELLED AT 2024-07-09T14:52:07 ***
slurmstepd: error: *** JOB 4202034 ON c20 CANCELLED AT 2024-07-09T14:52:06 ***
slurmstepd: error: *** STEP 4202041.0 ON c20 CANCELLED AT 2024-07-09T14:52:07 ***
slurmstepd: error: *** JOB 4201977 ON c38 CANCELLED AT 2024-07-09T14:52:04 ***
srun: error: c38: task 0: Terminated
slurmstepd: error: *** STEP 4201997.0 ON c38 CANCELLED AT 2024-07-09T14:52:05 ***
srun: error: c20: task 0: Terminated
srun: error: c20: task 0: Terminated
slurmstepd: error: *** JOB 4202041 ON c20 CANCELLED AT 2024-07-09T14:52:07 ***
srun: error: c20: task 0: Terminated
srun: error: c38: task 0: Terminated
srun: error: c38: task 0: Terminated
slurmstepd: error: *** JOB 4202032 ON c20 CANCELLED AT 2024-07-09T14:52:07 ***
srun: error: c38: task 0: Terminated
slurmstepd: error: *** STEP 4201999.0 ON c38 CANCELLED AT 2024-07-09T14:52:05 ***
srun: error: c20: task 0: Terminated
srun: Job step aborted: Waiting up to 32 seconds for job step to finish.
slurmstepd: error: *** JOB 4202010 ON c38 CANCELLED AT 2024-07-09T14:52:06 ***
slurmstepd: error: *** STEP 4202015.0 ON c38 CANCELLED AT 2024-07-09T14:52:06 ***
slurmstepd: error: *** JOB 4201997 ON c38 CANCELLED AT 2024-07-09T14:52:05 ***
srun: error: c20: task 0: Terminated
srun: error: c38: task 0: Terminated
srun: error: c20: task 0: Terminated
srun: Job step aborted: Waiting up to 32 seconds for job step to finish.
srun: error: c38: task 0: Terminated
slurmstepd: error: *** JOB 4202015 ON c38 CANCELLED AT 2024-07-09T14:52:06 ***
slurmstepd: error: *** JOB 4202003 ON c38 CANCELLED AT 2024-07-09T14:52:06 ***
slurmstepd: error: *** JOB 4202008 ON c38 CANCELLED AT 2024-07-09T14:52:06 ***
srun: error: c38: task 0: Terminated
srun: error: c38: task 0: Terminated
srun: error: c38: task 0: Terminated
srun: error: c38: task 0: Terminated
slurmstepd: error: *** JOB 4201950 ON c38 CANCELLED AT 2024-07-09T14:52:03 ***
srun: error: c38: task 0: Terminated
srun: error: c38: task 0: Terminated
srun: error: c38: task 0: Terminated
slurmstepd: error: *** STEP 4202014.0 ON c38 CANCELLED AT 2024-07-09T14:52:06 ***
slurmstepd: error: *** STEP 4201985.0 ON c38 CANCELLED AT 2024-07-09T14:52:04 ***
slurmstepd: error: *** JOB 4201999 ON c38 CANCELLED AT 2024-07-09T14:52:05 ***
srun: error: c38: task 0: Terminated
slurmstepd: error: *** JOB 4201985 ON c38 CANCELLED AT 2024-07-09T14:52:04 ***
slurmstepd: error: *** JOB 4202014 ON c38 CANCELLED AT 2024-07-09T14:52:06 ***
srun: error: c38: task 0: Terminated
srun: error: c38: task 0: Terminated
srun: error: c38: task 0: Terminated
srun: error: c38: task 0: Terminated
